<?xml version="1.0" encoding="UTF-8"?>
<robot generator="Robot 3.2.2 (Python 3.8.8 on win32)" generated="20210317 11:50:35.640" rpa="false">
<suite id="s1" name="TC DD2 excel" source="C:\Users\anand\PycharmProjects\seleniumProject\Testcases\TC_DD2_excel.robot">
<kw name="openmyBrowser" library="login_resources" type="setup">
<kw name="Open Browser" library="SeleniumLibrary">
<doc>Opens a new browser instance to the given ``url``.</doc>
<arguments>
<arg>${loginurl}</arg>
<arg>${browser}</arg>
</arguments>
<msg timestamp="20210317 11:50:45.919" level="INFO">Opening browser 'chrome' to base url 'https://admin-demo.nopcommerce.com/'.</msg>
<status status="PASS" starttime="20210317 11:50:45.918" endtime="20210317 11:50:52.994"></status>
</kw>
<kw name="Maximize Browser Window" library="SeleniumLibrary">
<doc>Maximizes current browser window.</doc>
<status status="PASS" starttime="20210317 11:50:52.994" endtime="20210317 11:50:53.186"></status>
</kw>
<status status="PASS" starttime="20210317 11:50:45.918" endtime="20210317 11:50:53.186"></status>
</kw>
<test id="s1-t1" name="LogintestwithExcel using">
<kw name="invalidlogin">
<arguments>
<arg>admin@yourstore.com</arg>
<arg>xz</arg>
</arguments>
<kw name="Input username" library="login_resources">
<arguments>
<arg>${username}</arg>
</arguments>
<kw name="Input Text" library="SeleniumLibrary">
<doc>Types the given ``text`` into text field identified by ``locator``.</doc>
<arguments>
<arg>id:Email</arg>
<arg>${username}</arg>
</arguments>
<msg timestamp="20210317 11:50:53.193" level="INFO">Typing text 'admin@yourstore.com' into text field 'id:Email'.</msg>
<status status="PASS" starttime="20210317 11:50:53.192" endtime="20210317 11:50:53.408"></status>
</kw>
<status status="PASS" starttime="20210317 11:50:53.191" endtime="20210317 11:50:53.409"></status>
</kw>
<kw name="Input pwd" library="login_resources">
<arguments>
<arg>${password}</arg>
</arguments>
<kw name="Input Text" library="SeleniumLibrary">
<doc>Types the given ``text`` into text field identified by ``locator``.</doc>
<arguments>
<arg>id:Password</arg>
<arg>${password}</arg>
</arguments>
<msg timestamp="20210317 11:50:53.410" level="INFO">Typing text 'xz' into text field 'id:Password'.</msg>
<status status="PASS" starttime="20210317 11:50:53.410" endtime="20210317 11:50:53.573"></status>
</kw>
<status status="PASS" starttime="20210317 11:50:53.409" endtime="20210317 11:50:53.573"></status>
</kw>
<kw name="clicklogin" library="login_resources">
<kw name="Click Element" library="SeleniumLibrary">
<doc>Click element identified by ``locator``.</doc>
<arguments>
<arg>xpath://button[@class='button-1 login-button']</arg>
</arguments>
<msg timestamp="20210317 11:50:53.576" level="INFO">Clicking element 'xpath://button[@class='button-1 login-button']'.</msg>
<status status="PASS" starttime="20210317 11:50:53.575" endtime="20210317 11:50:54.855"></status>
</kw>
<status status="PASS" starttime="20210317 11:50:53.574" endtime="20210317 11:50:54.856"></status>
</kw>
<kw name="Dashboard should be visible" library="login_resources">
<kw name="Page Should Contain" library="SeleniumLibrary">
<doc>Verifies that current page contains ``text``.</doc>
<arguments>
<arg>Dashboard</arg>
</arguments>
<kw name="Capture Page Screenshot" library="SeleniumLibrary">
<doc>Takes screenshot of the current page and embeds it into log file.</doc>
<msg timestamp="20210317 11:50:55.435" level="INFO" html="yes">&lt;/td&gt;&lt;/tr&gt;&lt;tr&gt;&lt;td colspan="3"&gt;&lt;a href="selenium-screenshot-22.png"&gt;&lt;img src="selenium-screenshot-22.png" width="800px"&gt;&lt;/a&gt;</msg>
<status status="PASS" starttime="20210317 11:50:54.982" endtime="20210317 11:50:55.435"></status>
</kw>
<msg timestamp="20210317 11:50:55.521" level="FAIL">Page should have contained text 'Dashboard' but did not.</msg>
<status status="FAIL" starttime="20210317 11:50:54.856" endtime="20210317 11:50:55.521"></status>
</kw>
<status status="FAIL" starttime="20210317 11:50:54.856" endtime="20210317 11:50:55.521"></status>
</kw>
<status status="FAIL" starttime="20210317 11:50:53.189" endtime="20210317 11:50:55.522"></status>
</kw>
<kw name="Run Keyword If Test Failed" library="BuiltIn" type="teardown">
<doc>Runs the given keyword with the given arguments, if the test failed.</doc>
<arguments>
<arg>Log</arg>
<arg>Screenshot</arg>
</arguments>
<kw name="Log" library="BuiltIn">
<doc>Logs the given message with the given level.</doc>
<arguments>
<arg>Screenshot</arg>
</arguments>
<msg timestamp="20210317 11:50:55.523" level="INFO">Screenshot</msg>
<status status="PASS" starttime="20210317 11:50:55.522" endtime="20210317 11:50:55.523"></status>
</kw>
<status status="PASS" starttime="20210317 11:50:55.522" endtime="20210317 11:50:55.523"></status>
</kw>
<status status="FAIL" starttime="20210317 11:50:53.186" endtime="20210317 11:50:55.523" critical="yes">Page should have contained text 'Dashboard' but did not.</status>
</test>
<test id="s1-t2" name="LogintestwithExcel using">
<kw name="invalidlogin">
<arguments>
<arg>admin@yourstore.com</arg>
<arg>admin</arg>
</arguments>
<kw name="Input username" library="login_resources">
<arguments>
<arg>${username}</arg>
</arguments>
<kw name="Input Text" library="SeleniumLibrary">
<doc>Types the given ``text`` into text field identified by ``locator``.</doc>
<arguments>
<arg>id:Email</arg>
<arg>${username}</arg>
</arguments>
<msg timestamp="20210317 11:50:55.527" level="INFO">Typing text 'admin@yourstore.com' into text field 'id:Email'.</msg>
<status status="PASS" starttime="20210317 11:50:55.526" endtime="20210317 11:50:55.707"></status>
</kw>
<status status="PASS" starttime="20210317 11:50:55.525" endtime="20210317 11:50:55.708"></status>
</kw>
<kw name="Input pwd" library="login_resources">
<arguments>
<arg>${password}</arg>
</arguments>
<kw name="Input Text" library="SeleniumLibrary">
<doc>Types the given ``text`` into text field identified by ``locator``.</doc>
<arguments>
<arg>id:Password</arg>
<arg>${password}</arg>
</arguments>
<msg timestamp="20210317 11:50:55.710" level="INFO">Typing text 'admin' into text field 'id:Password'.</msg>
<status status="PASS" starttime="20210317 11:50:55.709" endtime="20210317 11:50:55.952"></status>
</kw>
<status status="PASS" starttime="20210317 11:50:55.708" endtime="20210317 11:50:55.953"></status>
</kw>
<kw name="clicklogin" library="login_resources">
<kw name="Click Element" library="SeleniumLibrary">
<doc>Click element identified by ``locator``.</doc>
<arguments>
<arg>xpath://button[@class='button-1 login-button']</arg>
</arguments>
<msg timestamp="20210317 11:50:55.955" level="INFO">Clicking element 'xpath://button[@class='button-1 login-button']'.</msg>
<status status="PASS" starttime="20210317 11:50:55.954" endtime="20210317 11:51:03.413"></status>
</kw>
<status status="PASS" starttime="20210317 11:50:55.953" endtime="20210317 11:51:03.414"></status>
</kw>
<kw name="Dashboard should be visible" library="login_resources">
<kw name="Page Should Contain" library="SeleniumLibrary">
<doc>Verifies that current page contains ``text``.</doc>
<arguments>
<arg>Dashboard</arg>
</arguments>
<msg timestamp="20210317 11:51:03.460" level="INFO">Current page contains text 'Dashboard'.</msg>
<status status="PASS" starttime="20210317 11:51:03.423" endtime="20210317 11:51:03.460"></status>
</kw>
<status status="PASS" starttime="20210317 11:51:03.421" endtime="20210317 11:51:03.461"></status>
</kw>
<status status="PASS" starttime="20210317 11:50:55.525" endtime="20210317 11:51:03.461"></status>
</kw>
<kw name="Run Keyword If Test Failed" library="BuiltIn" type="teardown">
<doc>Runs the given keyword with the given arguments, if the test failed.</doc>
<arguments>
<arg>Log</arg>
<arg>Screenshot</arg>
</arguments>
<status status="PASS" starttime="20210317 11:51:03.461" endtime="20210317 11:51:03.462"></status>
</kw>
<status status="PASS" starttime="20210317 11:50:55.524" endtime="20210317 11:51:03.462" critical="yes"></status>
</test>
<kw name="closingbrowser" library="login_resources" type="teardown">
<kw name="Close All Browsers" library="SeleniumLibrary">
<doc>Closes all open browsers and resets the browser cache.</doc>
<status status="PASS" starttime="20210317 11:51:03.463" endtime="20210317 11:51:05.835"></status>
</kw>
<status status="PASS" starttime="20210317 11:51:03.463" endtime="20210317 11:51:05.835"></status>
</kw>
<status status="FAIL" starttime="20210317 11:50:35.644" endtime="20210317 11:51:05.835"></status>
</suite>
<statistics>
<total>
<stat pass="1" fail="1">Critical Tests</stat>
<stat pass="1" fail="1">All Tests</stat>
</total>
<tag>
</tag>
<suite>
<stat pass="1" fail="1" id="s1" name="TC DD2 excel">TC DD2 excel</stat>
</suite>
</statistics>
<errors>
<msg timestamp="20210317 11:50:55.524" level="WARN">Multiple test cases with name 'LogintestwithExcel using' executed in test suite 'TC DD2 excel'.</msg>
</errors>
</robot>
