<?xml version="1.0" encoding="UTF-8"?>
<robot generator="Robot 3.2.2 (Python 3.8.8 on win32)" generated="20210318 08:11:58.974" rpa="false">
<suite id="s1" name="Suites">
<suite id="s1-s1" name="TC DD2 excel" source="C:\Users\anand\PycharmProjects\seleniumProject\Testcases\TC_DD2_excel.robot">
<kw name="openmyBrowser" library="login_resources" type="setup">
<kw name="Open Browser" library="SeleniumLibrary">
<doc>Opens a new browser instance to the given ``url``.</doc>
<arguments>
<arg>${loginurl}</arg>
<arg>${browser}</arg>
</arguments>
<msg timestamp="20210318 08:12:00.390" level="INFO">Opening browser 'chrome' to base url 'https://admin-demo.nopcommerce.com/'.</msg>
<status status="PASS" starttime="20210318 08:12:00.389" endtime="20210318 08:12:08.082"></status>
</kw>
<kw name="Maximize Browser Window" library="SeleniumLibrary">
<doc>Maximizes current browser window.</doc>
<status status="PASS" starttime="20210318 08:12:08.082" endtime="20210318 08:12:08.208"></status>
</kw>
<status status="PASS" starttime="20210318 08:12:00.389" endtime="20210318 08:12:08.208"></status>
</kw>
<test id="s1-s1-t1" name="LogintestwithExcel using">
<kw name="invalidlogin">
<arguments>
<arg>admin@yourstore.com</arg>
<arg>xz</arg>
</arguments>
<kw name="Input username" library="login_resources">
<arguments>
<arg>${username}</arg>
</arguments>
<kw name="Input Text" library="SeleniumLibrary">
<doc>Types the given ``text`` into text field identified by ``locator``.</doc>
<arguments>
<arg>id:Email</arg>
<arg>${username}</arg>
</arguments>
<msg timestamp="20210318 08:12:08.211" level="INFO">Typing text 'admin@yourstore.com' into text field 'id:Email'.</msg>
<status status="PASS" starttime="20210318 08:12:08.210" endtime="20210318 08:12:08.364"></status>
</kw>
<status status="PASS" starttime="20210318 08:12:08.210" endtime="20210318 08:12:08.364"></status>
</kw>
<kw name="Input pwd" library="login_resources">
<arguments>
<arg>${password}</arg>
</arguments>
<kw name="Input Text" library="SeleniumLibrary">
<doc>Types the given ``text`` into text field identified by ``locator``.</doc>
<arguments>
<arg>id:Password</arg>
<arg>${password}</arg>
</arguments>
<msg timestamp="20210318 08:12:08.366" level="INFO">Typing text 'xz' into text field 'id:Password'.</msg>
<status status="PASS" starttime="20210318 08:12:08.365" endtime="20210318 08:12:08.498"></status>
</kw>
<status status="PASS" starttime="20210318 08:12:08.364" endtime="20210318 08:12:08.498"></status>
</kw>
<kw name="clicklogin" library="login_resources">
<kw name="Click Element" library="SeleniumLibrary">
<doc>Click element identified by ``locator``.</doc>
<arguments>
<arg>xpath://button[@class='button-1 login-button']</arg>
</arguments>
<msg timestamp="20210318 08:12:08.499" level="INFO">Clicking element 'xpath://button[@class='button-1 login-button']'.</msg>
<status status="PASS" starttime="20210318 08:12:08.499" endtime="20210318 08:12:09.238"></status>
</kw>
<status status="PASS" starttime="20210318 08:12:08.498" endtime="20210318 08:12:09.239"></status>
</kw>
<kw name="Dashboard should be visible" library="login_resources">
<kw name="Page Should Contain" library="SeleniumLibrary">
<doc>Verifies that current page contains ``text``.</doc>
<arguments>
<arg>Dashboard</arg>
</arguments>
<kw name="Capture Page Screenshot" library="SeleniumLibrary">
<doc>Takes screenshot of the current page and embeds it into log file.</doc>
<msg timestamp="20210318 08:12:09.735" level="INFO" html="yes">&lt;/td&gt;&lt;/tr&gt;&lt;tr&gt;&lt;td colspan="3"&gt;&lt;a href="selenium-screenshot-1.png"&gt;&lt;img src="selenium-screenshot-1.png" width="800px"&gt;&lt;/a&gt;</msg>
<status status="PASS" starttime="20210318 08:12:09.338" endtime="20210318 08:12:09.735"></status>
</kw>
<msg timestamp="20210318 08:12:09.737" level="FAIL">Page should have contained text 'Dashboard' but did not.</msg>
<status status="FAIL" starttime="20210318 08:12:09.240" endtime="20210318 08:12:09.738"></status>
</kw>
<status status="FAIL" starttime="20210318 08:12:09.239" endtime="20210318 08:12:09.738"></status>
</kw>
<status status="FAIL" starttime="20210318 08:12:08.209" endtime="20210318 08:12:09.738"></status>
</kw>
<kw name="Run Keyword If Test Failed" library="BuiltIn" type="teardown">
<doc>Runs the given keyword with the given arguments, if the test failed.</doc>
<arguments>
<arg>Log</arg>
<arg>Screenshot</arg>
</arguments>
<kw name="Log" library="BuiltIn">
<doc>Logs the given message with the given level.</doc>
<arguments>
<arg>Screenshot</arg>
</arguments>
<msg timestamp="20210318 08:12:09.740" level="INFO">Screenshot</msg>
<status status="PASS" starttime="20210318 08:12:09.740" endtime="20210318 08:12:09.740"></status>
</kw>
<status status="PASS" starttime="20210318 08:12:09.739" endtime="20210318 08:12:09.741"></status>
</kw>
<status status="FAIL" starttime="20210318 08:12:08.208" endtime="20210318 08:12:09.741" critical="yes">Page should have contained text 'Dashboard' but did not.</status>
</test>
<test id="s1-s1-t2" name="LogintestwithExcel using">
<kw name="invalidlogin">
<arguments>
<arg>admin@yourstore.com</arg>
<arg>admin</arg>
</arguments>
<kw name="Input username" library="login_resources">
<arguments>
<arg>${username}</arg>
</arguments>
<kw name="Input Text" library="SeleniumLibrary">
<doc>Types the given ``text`` into text field identified by ``locator``.</doc>
<arguments>
<arg>id:Email</arg>
<arg>${username}</arg>
</arguments>
<msg timestamp="20210318 08:12:09.748" level="INFO">Typing text 'admin@yourstore.com' into text field 'id:Email'.</msg>
<status status="PASS" starttime="20210318 08:12:09.748" endtime="20210318 08:12:09.941"></status>
</kw>
<status status="PASS" starttime="20210318 08:12:09.747" endtime="20210318 08:12:09.942"></status>
</kw>
<kw name="Input pwd" library="login_resources">
<arguments>
<arg>${password}</arg>
</arguments>
<kw name="Input Text" library="SeleniumLibrary">
<doc>Types the given ``text`` into text field identified by ``locator``.</doc>
<arguments>
<arg>id:Password</arg>
<arg>${password}</arg>
</arguments>
<msg timestamp="20210318 08:12:09.943" level="INFO">Typing text 'admin' into text field 'id:Password'.</msg>
<status status="PASS" starttime="20210318 08:12:09.943" endtime="20210318 08:12:10.120"></status>
</kw>
<status status="PASS" starttime="20210318 08:12:09.942" endtime="20210318 08:12:10.120"></status>
</kw>
<kw name="clicklogin" library="login_resources">
<kw name="Click Element" library="SeleniumLibrary">
<doc>Click element identified by ``locator``.</doc>
<arguments>
<arg>xpath://button[@class='button-1 login-button']</arg>
</arguments>
<msg timestamp="20210318 08:12:10.122" level="INFO">Clicking element 'xpath://button[@class='button-1 login-button']'.</msg>
<status status="PASS" starttime="20210318 08:12:10.121" endtime="20210318 08:12:17.799"></status>
</kw>
<status status="PASS" starttime="20210318 08:12:10.120" endtime="20210318 08:12:17.800"></status>
</kw>
<kw name="Dashboard should be visible" library="login_resources">
<kw name="Page Should Contain" library="SeleniumLibrary">
<doc>Verifies that current page contains ``text``.</doc>
<arguments>
<arg>Dashboard</arg>
</arguments>
<msg timestamp="20210318 08:12:17.844" level="INFO">Current page contains text 'Dashboard'.</msg>
<status status="PASS" starttime="20210318 08:12:17.801" endtime="20210318 08:12:17.845"></status>
</kw>
<status status="PASS" starttime="20210318 08:12:17.800" endtime="20210318 08:12:17.845"></status>
</kw>
<status status="PASS" starttime="20210318 08:12:09.746" endtime="20210318 08:12:17.845"></status>
</kw>
<kw name="Run Keyword If Test Failed" library="BuiltIn" type="teardown">
<doc>Runs the given keyword with the given arguments, if the test failed.</doc>
<arguments>
<arg>Log</arg>
<arg>Screenshot</arg>
</arguments>
<status status="PASS" starttime="20210318 08:12:17.845" endtime="20210318 08:12:17.846"></status>
</kw>
<status status="PASS" starttime="20210318 08:12:09.742" endtime="20210318 08:12:17.846" critical="yes"></status>
</test>
<kw name="closingbrowser" library="login_resources" type="teardown">
<kw name="Close All Browsers" library="SeleniumLibrary">
<doc>Closes all open browsers and resets the browser cache.</doc>
<status status="PASS" starttime="20210318 08:12:17.847" endtime="20210318 08:12:20.032"></status>
</kw>
<status status="PASS" starttime="20210318 08:12:17.847" endtime="20210318 08:12:20.032"></status>
</kw>
<status status="FAIL" starttime="20210318 08:11:59.026" endtime="20210318 08:12:20.032"></status>
</suite>
<status status="FAIL" starttime="20210318 08:11:58.978" endtime="20210318 08:12:20.043"></status>
</suite>
<statistics>
<total>
<stat pass="1" fail="1">Critical Tests</stat>
<stat pass="1" fail="1">All Tests</stat>
</total>
<tag>
</tag>
<suite>
<stat pass="1" fail="1" id="s1" name="Suites">Suites</stat>
<stat pass="1" fail="1" id="s1-s1" name="TC DD2 excel">Suites.TC DD2 excel</stat>
</suite>
</statistics>
<errors>
<msg timestamp="20210318 08:12:09.742" level="WARN">Multiple test cases with name 'LogintestwithExcel using' executed in test suite 'Suites.TC DD2 excel'.</msg>
</errors>
</robot>
