<?xml version="1.0" encoding="UTF-8"?>
<robot generator="Robot 3.2.2 (Python 3.8.8 on win32)" generated="20210317 12:42:41.809" rpa="false">
<suite id="s1" name="Suites">
<suite id="s1-s1" name="TC Demo login" source="C:\Users\anand\PycharmProjects\seleniumProject\Testcases\TC_Demo_login.robot">
<kw name="openmyBrowser" library="Demo_Login" type="setup">
<kw name="Open Browser" library="SeleniumLibrary">
<doc>Opens a new browser instance to the given ``url``.</doc>
<arguments>
<arg>${loginurl}</arg>
<arg>${browser}</arg>
</arguments>
<msg timestamp="20210317 12:42:43.178" level="INFO">Opening browser 'chrome' to base url 'http://demo.guru99.com/test/newtours/'.</msg>
<status status="PASS" starttime="20210317 12:42:43.177" endtime="20210317 12:42:52.800"></status>
</kw>
<kw name="Sleep" library="BuiltIn">
<doc>Pauses the test executed for the given time.</doc>
<arguments>
<arg>5</arg>
</arguments>
<msg timestamp="20210317 12:42:57.801" level="INFO">Slept 5 seconds</msg>
<status status="PASS" starttime="20210317 12:42:52.800" endtime="20210317 12:42:57.802"></status>
</kw>
<kw name="Maximize Browser Window" library="SeleniumLibrary">
<doc>Maximizes current browser window.</doc>
<status status="PASS" starttime="20210317 12:42:57.803" endtime="20210317 12:42:57.976"></status>
</kw>
<kw name="Sleep" library="BuiltIn">
<doc>Pauses the test executed for the given time.</doc>
<arguments>
<arg>5</arg>
</arguments>
<msg timestamp="20210317 12:43:02.978" level="INFO">Slept 5 seconds</msg>
<status status="PASS" starttime="20210317 12:42:57.977" endtime="20210317 12:43:02.978"></status>
</kw>
<status status="PASS" starttime="20210317 12:42:43.176" endtime="20210317 12:43:02.978"></status>
</kw>
<test id="s1-s1-t1" name="Logintc">
<kw name="Login to the application">
<arguments>
<arg>admin</arg>
<arg>admin</arg>
<arg>2</arg>
<arg>London</arg>
<arg>June</arg>
<arg>15</arg>
<arg>Paris</arg>
<arg>August</arg>
<arg>12</arg>
<arg>Unified Airlines</arg>
</arguments>
<kw name="Input Username" library="Demo_Login">
<arguments>
<arg>${Username}</arg>
</arguments>
<kw name="Set Variable" library="BuiltIn">
<doc>Returns the given values which can then be assigned to a variables.</doc>
<arguments>
<arg>xpath://input[@name='userName']</arg>
</arguments>
<assign>
<var>${"email_txt"}</var>
</assign>
<msg timestamp="20210317 12:43:02.981" level="INFO">${"email_txt"} = xpath://input[@name='userName']</msg>
<status status="PASS" starttime="20210317 12:43:02.981" endtime="20210317 12:43:02.981"></status>
</kw>
<kw name="Element Should Be Visible" library="SeleniumLibrary">
<doc>Verifies that the element identified by ``locator`` is visible.</doc>
<arguments>
<arg>${"email_txt"}</arg>
</arguments>
<msg timestamp="20210317 12:43:03.028" level="INFO">Element 'xpath://input[@name='userName']' is displayed.</msg>
<status status="PASS" starttime="20210317 12:43:02.981" endtime="20210317 12:43:03.028"></status>
</kw>
<kw name="Element Should Be Enabled" library="SeleniumLibrary">
<doc>Verifies that element identified with ``locator`` is enabled.</doc>
<arguments>
<arg>${"email_txt"}</arg>
</arguments>
<status status="PASS" starttime="20210317 12:43:03.029" endtime="20210317 12:43:03.058"></status>
</kw>
<kw name="Input Text" library="SeleniumLibrary">
<doc>Types the given ``text`` into text field identified by ``locator``.</doc>
<arguments>
<arg>${"email_txt"}</arg>
<arg>${Username}</arg>
</arguments>
<msg timestamp="20210317 12:43:03.058" level="INFO">Typing text 'admin' into text field 'xpath://input[@name='userName']'.</msg>
<status status="PASS" starttime="20210317 12:43:03.058" endtime="20210317 12:43:03.186"></status>
</kw>
<status status="PASS" starttime="20210317 12:43:02.980" endtime="20210317 12:43:03.187"></status>
</kw>
<kw name="Input Password1" library="Demo_Login">
<arguments>
<arg>${Password}</arg>
</arguments>
<kw name="Set Variable" library="BuiltIn">
<doc>Returns the given values which can then be assigned to a variables.</doc>
<arguments>
<arg>xpath://input[@name='password']</arg>
</arguments>
<assign>
<var>${"email_txt1"}</var>
</assign>
<msg timestamp="20210317 12:43:03.188" level="INFO">${"email_txt1"} = xpath://input[@name='password']</msg>
<status status="PASS" starttime="20210317 12:43:03.188" endtime="20210317 12:43:03.188"></status>
</kw>
<kw name="Element Should Be Visible" library="SeleniumLibrary">
<doc>Verifies that the element identified by ``locator`` is visible.</doc>
<arguments>
<arg>${"email_txt1"}</arg>
</arguments>
<msg timestamp="20210317 12:43:03.230" level="INFO">Element 'xpath://input[@name='password']' is displayed.</msg>
<status status="PASS" starttime="20210317 12:43:03.188" endtime="20210317 12:43:03.230"></status>
</kw>
<kw name="Element Should Be Enabled" library="SeleniumLibrary">
<doc>Verifies that element identified with ``locator`` is enabled.</doc>
<arguments>
<arg>${"email_txt1"}</arg>
</arguments>
<status status="PASS" starttime="20210317 12:43:03.230" endtime="20210317 12:43:03.258"></status>
</kw>
<kw name="Input Text" library="SeleniumLibrary">
<doc>Types the given ``text`` into text field identified by ``locator``.</doc>
<arguments>
<arg>${"email_txt1"}</arg>
<arg>${Password}</arg>
</arguments>
<msg timestamp="20210317 12:43:03.258" level="INFO">Typing text 'admin' into text field 'xpath://input[@name='password']'.</msg>
<status status="PASS" starttime="20210317 12:43:03.258" endtime="20210317 12:43:03.376"></status>
</kw>
<status status="PASS" starttime="20210317 12:43:03.187" endtime="20210317 12:43:03.376"></status>
</kw>
<kw name="clicksubmit" library="Demo_Login">
<kw name="Click Element" library="SeleniumLibrary">
<doc>Click element identified by ``locator``.</doc>
<arguments>
<arg>xpath://input[@name='submit']</arg>
</arguments>
<msg timestamp="20210317 12:43:03.377" level="INFO">Clicking element 'xpath://input[@name='submit']'.</msg>
<status status="PASS" starttime="20210317 12:43:03.377" endtime="20210317 12:43:05.418"></status>
</kw>
<status status="PASS" starttime="20210317 12:43:03.377" endtime="20210317 12:43:05.418"></status>
</kw>
<kw name="VerifyLogin" library="Demo_Login">
<kw name="Page Should Contain" library="SeleniumLibrary">
<doc>Verifies that current page contains ``text``.</doc>
<arguments>
<arg>Login Successfully</arg>
</arguments>
<msg timestamp="20210317 12:43:05.446" level="INFO">Current page contains text 'Login Successfully'.</msg>
<status status="PASS" starttime="20210317 12:43:05.420" endtime="20210317 12:43:05.446"></status>
</kw>
<status status="PASS" starttime="20210317 12:43:05.419" endtime="20210317 12:43:05.446"></status>
</kw>
<kw name="ClickFlights" library="Demo_Login">
<kw name="Click Link" library="SeleniumLibrary">
<doc>Clicks a link identified by ``locator``.</doc>
<arguments>
<arg>xpath://a[text()='Flights']</arg>
</arguments>
<msg timestamp="20210317 12:43:05.447" level="INFO">Clicking link 'xpath://a[text()='Flights']'.</msg>
<status status="PASS" starttime="20210317 12:43:05.447" endtime="20210317 12:43:07.668"></status>
</kw>
<status status="PASS" starttime="20210317 12:43:05.447" endtime="20210317 12:43:07.668"></status>
</kw>
<kw name="Typeradio" library="Demo_Login">
<kw name="Page Should Contain Radio Button" library="SeleniumLibrary">
<doc>Verifies radio button ``locator`` is found from current page.</doc>
<arguments>
<arg>//input[@type='radio' and @value='roundtrip']</arg>
</arguments>
<msg timestamp="20210317 12:43:07.707" level="INFO">Current page contains radio button '//input[@type='radio' and @value='roundtrip']'.</msg>
<status status="PASS" starttime="20210317 12:43:07.669" endtime="20210317 12:43:07.707"></status>
</kw>
<kw name="Click Element" library="SeleniumLibrary">
<doc>Click element identified by ``locator``.</doc>
<arguments>
<arg>xpath://input[@type='radio' and @value='oneway']</arg>
</arguments>
<msg timestamp="20210317 12:43:07.708" level="INFO">Clicking element 'xpath://input[@type='radio' and @value='oneway']'.</msg>
<status status="PASS" starttime="20210317 12:43:07.708" endtime="20210317 12:43:07.809"></status>
</kw>
<status status="PASS" starttime="20210317 12:43:07.669" endtime="20210317 12:43:07.810"></status>
</kw>
<kw name="Passengersdropdown" library="Demo_Login">
<arguments>
<arg>${Passengers}</arg>
</arguments>
<kw name="Select From List By Value" library="SeleniumLibrary">
<doc>Selects options from selection list ``locator`` by ``values``.</doc>
<arguments>
<arg>passCount</arg>
<arg>${Passengers}</arg>
</arguments>
<msg timestamp="20210317 12:43:07.811" level="INFO">Selecting options from selection list 'passCount' by value 2.</msg>
<status status="PASS" starttime="20210317 12:43:07.811" endtime="20210317 12:43:07.985"></status>
</kw>
<status status="PASS" starttime="20210317 12:43:07.810" endtime="20210317 12:43:07.986"></status>
</kw>
<kw name="DepartingFromdropdown" library="Demo_Login">
<arguments>
<arg>${Departing From}</arg>
</arguments>
<kw name="Select From List By Value" library="SeleniumLibrary">
<doc>Selects options from selection list ``locator`` by ``values``.</doc>
<arguments>
<arg>fromPort</arg>
<arg>${Departing From}</arg>
</arguments>
<msg timestamp="20210317 12:43:07.988" level="INFO">Selecting options from selection list 'fromPort' by value London.</msg>
<status status="PASS" starttime="20210317 12:43:07.987" endtime="20210317 12:43:08.094"></status>
</kw>
<status status="PASS" starttime="20210317 12:43:07.986" endtime="20210317 12:43:08.095"></status>
</kw>
<kw name="Ondropdown" library="Demo_Login">
<arguments>
<arg>${On}</arg>
</arguments>
<kw name="Select From List By Label" library="SeleniumLibrary">
<doc>Selects options from selection list ``locator`` by ``labels``.</doc>
<arguments>
<arg>fromMonth</arg>
<arg>${On}</arg>
</arguments>
<msg timestamp="20210317 12:43:08.096" level="INFO">Selecting options from selection list 'fromMonth' by label June.</msg>
<status status="PASS" starttime="20210317 12:43:08.095" endtime="20210317 12:43:08.231"></status>
</kw>
<status status="PASS" starttime="20210317 12:43:08.095" endtime="20210317 12:43:08.232"></status>
</kw>
<kw name="ondropdowndate" library="Demo_Login">
<arguments>
<arg>${OnDay}</arg>
</arguments>
<kw name="Select From List By Value" library="SeleniumLibrary">
<doc>Selects options from selection list ``locator`` by ``values``.</doc>
<arguments>
<arg>fromDay</arg>
<arg>${OnDay}</arg>
</arguments>
<msg timestamp="20210317 12:43:08.234" level="INFO">Selecting options from selection list 'fromDay' by value 15.</msg>
<status status="PASS" starttime="20210317 12:43:08.234" endtime="20210317 12:43:08.410"></status>
</kw>
<status status="PASS" starttime="20210317 12:43:08.232" endtime="20210317 12:43:08.410"></status>
</kw>
<kw name="ArrivingIndropdown" library="Demo_Login">
<arguments>
<arg>${Arriving}</arg>
</arguments>
<kw name="Select From List By Value" library="SeleniumLibrary">
<doc>Selects options from selection list ``locator`` by ``values``.</doc>
<arguments>
<arg>toPort</arg>
<arg>${Arriving}</arg>
</arguments>
<msg timestamp="20210317 12:43:08.411" level="INFO">Selecting options from selection list 'toPort' by value Paris.</msg>
<status status="PASS" starttime="20210317 12:43:08.411" endtime="20210317 12:43:08.532"></status>
</kw>
<status status="PASS" starttime="20210317 12:43:08.411" endtime="20210317 12:43:08.532"></status>
</kw>
<kw name="Returningmonthdropdown" library="Demo_Login">
<arguments>
<arg>${Returnmonth}</arg>
</arguments>
<kw name="Select From List By Label" library="SeleniumLibrary">
<doc>Selects options from selection list ``locator`` by ``labels``.</doc>
<arguments>
<arg>toMonth</arg>
<arg>${Returnmonth}</arg>
</arguments>
<msg timestamp="20210317 12:43:08.534" level="INFO">Selecting options from selection list 'toMonth' by label August.</msg>
<status status="PASS" starttime="20210317 12:43:08.533" endtime="20210317 12:43:08.658"></status>
</kw>
<status status="PASS" starttime="20210317 12:43:08.533" endtime="20210317 12:43:08.659"></status>
</kw>
<kw name="Returningdaydropdown" library="Demo_Login">
<arguments>
<arg>${Returnday}</arg>
</arguments>
<kw name="Select From List By Value" library="SeleniumLibrary">
<doc>Selects options from selection list ``locator`` by ``values``.</doc>
<arguments>
<arg>toDay</arg>
<arg>${Returnday}</arg>
</arguments>
<msg timestamp="20210317 12:43:08.660" level="INFO">Selecting options from selection list 'toDay' by value 12.</msg>
<status status="PASS" starttime="20210317 12:43:08.660" endtime="20210317 12:43:08.719"></status>
</kw>
<status status="PASS" starttime="20210317 12:43:08.659" endtime="20210317 12:43:08.720"></status>
</kw>
<kw name="Serviceclassradio" library="Demo_Login">
<kw name="Page Should Contain Radio Button" library="SeleniumLibrary">
<doc>Verifies radio button ``locator`` is found from current page.</doc>
<arguments>
<arg>//input[@type='radio' and @value='Coach']</arg>
</arguments>
<msg timestamp="20210317 12:43:08.749" level="INFO">Current page contains radio button '//input[@type='radio' and @value='Coach']'.</msg>
<status status="PASS" starttime="20210317 12:43:08.720" endtime="20210317 12:43:08.749"></status>
</kw>
<kw name="Click Element" library="SeleniumLibrary">
<doc>Click element identified by ``locator``.</doc>
<arguments>
<arg>xpath://input[@value='Business']</arg>
</arguments>
<msg timestamp="20210317 12:43:08.749" level="INFO">Clicking element 'xpath://input[@value='Business']'.</msg>
<status status="PASS" starttime="20210317 12:43:08.749" endtime="20210317 12:43:08.855"></status>
</kw>
<status status="PASS" starttime="20210317 12:43:08.720" endtime="20210317 12:43:08.855"></status>
</kw>
<kw name="Airlinedropdown" library="Demo_Login">
<arguments>
<arg>${Airline}</arg>
</arguments>
<kw name="Select From List By Label" library="SeleniumLibrary">
<doc>Selects options from selection list ``locator`` by ``labels``.</doc>
<arguments>
<arg>airline</arg>
<arg>${Airline}</arg>
</arguments>
<msg timestamp="20210317 12:43:08.857" level="INFO">Selecting options from selection list 'airline' by label Unified Airlines.</msg>
<status status="PASS" starttime="20210317 12:43:08.856" endtime="20210317 12:43:08.970"></status>
</kw>
<status status="PASS" starttime="20210317 12:43:08.856" endtime="20210317 12:43:08.970"></status>
</kw>
<kw name="clickContinue" library="Demo_Login">
<kw name="Click Element" library="SeleniumLibrary">
<doc>Click element identified by ``locator``.</doc>
<arguments>
<arg>xpath://input[@name='findFlights']</arg>
</arguments>
<msg timestamp="20210317 12:43:08.973" level="INFO">Clicking element 'xpath://input[@name='findFlights']'.</msg>
<status status="PASS" starttime="20210317 12:43:08.972" endtime="20210317 12:43:10.322"></status>
</kw>
<status status="PASS" starttime="20210317 12:43:08.971" endtime="20210317 12:43:10.322"></status>
</kw>
<status status="PASS" starttime="20210317 12:43:02.979" endtime="20210317 12:43:10.322"></status>
</kw>
<kw name="Run Keyword If Test Failed" library="BuiltIn" type="teardown">
<doc>Runs the given keyword with the given arguments, if the test failed.</doc>
<arguments>
<arg>Log</arg>
<arg>Screenshot</arg>
</arguments>
<status status="PASS" starttime="20210317 12:43:10.323" endtime="20210317 12:43:10.323"></status>
</kw>
<status status="PASS" starttime="20210317 12:43:02.978" endtime="20210317 12:43:10.323" critical="yes"></status>
</test>
<kw name="closingbrowser" library="Demo_Login" type="teardown">
<kw name="Close All Browsers" library="SeleniumLibrary">
<doc>Closes all open browsers and resets the browser cache.</doc>
<status status="PASS" starttime="20210317 12:43:10.325" endtime="20210317 12:43:13.522"></status>
</kw>
<status status="PASS" starttime="20210317 12:43:10.324" endtime="20210317 12:43:13.523"></status>
</kw>
<status status="PASS" starttime="20210317 12:42:41.866" endtime="20210317 12:43:13.524"></status>
</suite>
<status status="PASS" starttime="20210317 12:42:41.813" endtime="20210317 12:43:13.532"></status>
</suite>
<statistics>
<total>
<stat pass="1" fail="0">Critical Tests</stat>
<stat pass="1" fail="0">All Tests</stat>
</total>
<tag>
</tag>
<suite>
<stat pass="1" fail="0" id="s1" name="Suites">Suites</stat>
<stat pass="1" fail="0" id="s1-s1" name="TC Demo login">Suites.TC Demo login</stat>
</suite>
</statistics>
<errors>
</errors>
</robot>
