<?xml version="1.0" encoding="UTF-8"?>
<robot generator="Robot 3.2.2 (Python 3.8.8 on win32)" generated="20210316 18:23:54.304" rpa="false">
<suite id="s1" name="Suites">
<suite id="s1-s1" name="TC DD1" source="C:\Users\anand\PycharmProjects\seleniumProject\Testcases\TC_DD1.robot">
<kw name="openmyBrowser" library="login_resources" type="setup">
<kw name="Open Browser" library="SeleniumLibrary">
<doc>Opens a new browser instance to the given ``url``.</doc>
<arguments>
<arg>${loginurl}</arg>
<arg>${browser}</arg>
</arguments>
<msg timestamp="20210316 18:23:54.722" level="INFO">Opening browser 'chrome' to base url 'https://admin-demo.nopcommerce.com'.</msg>
<status status="PASS" starttime="20210316 18:23:54.721" endtime="20210316 18:24:06.902"></status>
</kw>
<kw name="Maximize Browser Window" library="SeleniumLibrary">
<doc>Maximizes current browser window.</doc>
<status status="PASS" starttime="20210316 18:24:06.902" endtime="20210316 18:24:07.061"></status>
</kw>
<status status="PASS" starttime="20210316 18:23:54.721" endtime="20210316 18:24:07.061"></status>
</kw>
<test id="s1-s1-t1" name="Right user empty password">
<kw name="invalidlogin">
<arguments>
<arg>admin@yourstore.com</arg>
<arg>${EMPTY}</arg>
</arguments>
<kw name="Input username" library="login_resources">
<arguments>
<arg>${username}</arg>
</arguments>
<kw name="Input Text" library="SeleniumLibrary">
<doc>Types the given ``text`` into text field identified by ``locator``.</doc>
<arguments>
<arg>id:Email</arg>
<arg>${username}</arg>
</arguments>
<msg timestamp="20210316 18:24:07.066" level="INFO">Typing text 'admin@yourstore.com' into text field 'id:Email'.</msg>
<status status="PASS" starttime="20210316 18:24:07.066" endtime="20210316 18:24:07.244"></status>
</kw>
<status status="PASS" starttime="20210316 18:24:07.064" endtime="20210316 18:24:07.244"></status>
</kw>
<kw name="Input pwd" library="login_resources">
<arguments>
<arg>${password}</arg>
</arguments>
<kw name="Input Text" library="SeleniumLibrary">
<doc>Types the given ``text`` into text field identified by ``locator``.</doc>
<arguments>
<arg>id:Password</arg>
<arg>${password}</arg>
</arguments>
<msg timestamp="20210316 18:24:07.245" level="INFO">Typing text '' into text field 'id:Password'.</msg>
<status status="PASS" starttime="20210316 18:24:07.245" endtime="20210316 18:24:07.378"></status>
</kw>
<status status="PASS" starttime="20210316 18:24:07.244" endtime="20210316 18:24:07.378"></status>
</kw>
<kw name="clicklogin" library="login_resources">
<kw name="Click Element" library="SeleniumLibrary">
<doc>Click element identified by ``locator``.</doc>
<arguments>
<arg>xpath://button[@class='button-1 login-button']</arg>
</arguments>
<msg timestamp="20210316 18:24:07.379" level="INFO">Clicking element 'xpath://button[@class='button-1 login-button']'.</msg>
<status status="PASS" starttime="20210316 18:24:07.378" endtime="20210316 18:24:08.812"></status>
</kw>
<status status="PASS" starttime="20210316 18:24:07.378" endtime="20210316 18:24:08.812"></status>
</kw>
<kw name="Errormessage" library="login_resources">
<kw name="Page Should Contain" library="SeleniumLibrary">
<doc>Verifies that current page contains ``text``.</doc>
<arguments>
<arg>Login was unsuccessful.</arg>
</arguments>
<msg timestamp="20210316 18:24:08.840" level="INFO">Current page contains text 'Login was unsuccessful.'.</msg>
<status status="PASS" starttime="20210316 18:24:08.814" endtime="20210316 18:24:08.840"></status>
</kw>
<status status="PASS" starttime="20210316 18:24:08.813" endtime="20210316 18:24:08.841"></status>
</kw>
<status status="PASS" starttime="20210316 18:24:07.063" endtime="20210316 18:24:08.841"></status>
</kw>
<status status="PASS" starttime="20210316 18:24:07.062" endtime="20210316 18:24:08.841" critical="yes"></status>
</test>
<test id="s1-s1-t2" name="Right user wrong password">
<kw name="invalidlogin">
<arguments>
<arg>admin@yourstore.com</arg>
<arg>xz</arg>
</arguments>
<kw name="Input username" library="login_resources">
<arguments>
<arg>${username}</arg>
</arguments>
<kw name="Input Text" library="SeleniumLibrary">
<doc>Types the given ``text`` into text field identified by ``locator``.</doc>
<arguments>
<arg>id:Email</arg>
<arg>${username}</arg>
</arguments>
<msg timestamp="20210316 18:24:08.845" level="INFO">Typing text 'admin@yourstore.com' into text field 'id:Email'.</msg>
<status status="PASS" starttime="20210316 18:24:08.844" endtime="20210316 18:24:08.991"></status>
</kw>
<status status="PASS" starttime="20210316 18:24:08.843" endtime="20210316 18:24:08.991"></status>
</kw>
<kw name="Input pwd" library="login_resources">
<arguments>
<arg>${password}</arg>
</arguments>
<kw name="Input Text" library="SeleniumLibrary">
<doc>Types the given ``text`` into text field identified by ``locator``.</doc>
<arguments>
<arg>id:Password</arg>
<arg>${password}</arg>
</arguments>
<msg timestamp="20210316 18:24:08.993" level="INFO">Typing text 'xz' into text field 'id:Password'.</msg>
<status status="PASS" starttime="20210316 18:24:08.992" endtime="20210316 18:24:09.175"></status>
</kw>
<status status="PASS" starttime="20210316 18:24:08.991" endtime="20210316 18:24:09.176"></status>
</kw>
<kw name="clicklogin" library="login_resources">
<kw name="Click Element" library="SeleniumLibrary">
<doc>Click element identified by ``locator``.</doc>
<arguments>
<arg>xpath://button[@class='button-1 login-button']</arg>
</arguments>
<msg timestamp="20210316 18:24:09.177" level="INFO">Clicking element 'xpath://button[@class='button-1 login-button']'.</msg>
<status status="PASS" starttime="20210316 18:24:09.176" endtime="20210316 18:24:11.852"></status>
</kw>
<status status="PASS" starttime="20210316 18:24:09.176" endtime="20210316 18:24:11.853"></status>
</kw>
<kw name="Errormessage" library="login_resources">
<kw name="Page Should Contain" library="SeleniumLibrary">
<doc>Verifies that current page contains ``text``.</doc>
<arguments>
<arg>Login was unsuccessful.</arg>
</arguments>
<msg timestamp="20210316 18:24:11.871" level="INFO">Current page contains text 'Login was unsuccessful.'.</msg>
<status status="PASS" starttime="20210316 18:24:11.854" endtime="20210316 18:24:11.871"></status>
</kw>
<status status="PASS" starttime="20210316 18:24:11.853" endtime="20210316 18:24:11.871"></status>
</kw>
<status status="PASS" starttime="20210316 18:24:08.843" endtime="20210316 18:24:11.872"></status>
</kw>
<status status="PASS" starttime="20210316 18:24:08.842" endtime="20210316 18:24:11.872" critical="yes"></status>
</test>
<test id="s1-s1-t3" name="wrong user right password">
<kw name="invalidlogin">
<arguments>
<arg>admin</arg>
<arg>admin</arg>
</arguments>
<kw name="Input username" library="login_resources">
<arguments>
<arg>${username}</arg>
</arguments>
<kw name="Input Text" library="SeleniumLibrary">
<doc>Types the given ``text`` into text field identified by ``locator``.</doc>
<arguments>
<arg>id:Email</arg>
<arg>${username}</arg>
</arguments>
<msg timestamp="20210316 18:24:11.877" level="INFO">Typing text 'admin' into text field 'id:Email'.</msg>
<status status="PASS" starttime="20210316 18:24:11.876" endtime="20210316 18:24:11.999"></status>
</kw>
<status status="PASS" starttime="20210316 18:24:11.875" endtime="20210316 18:24:12.000"></status>
</kw>
<kw name="Input pwd" library="login_resources">
<arguments>
<arg>${password}</arg>
</arguments>
<kw name="Input Text" library="SeleniumLibrary">
<doc>Types the given ``text`` into text field identified by ``locator``.</doc>
<arguments>
<arg>id:Password</arg>
<arg>${password}</arg>
</arguments>
<msg timestamp="20210316 18:24:12.001" level="INFO">Typing text 'admin' into text field 'id:Password'.</msg>
<status status="PASS" starttime="20210316 18:24:12.001" endtime="20210316 18:24:12.134"></status>
</kw>
<status status="PASS" starttime="20210316 18:24:12.000" endtime="20210316 18:24:12.134"></status>
</kw>
<kw name="clicklogin" library="login_resources">
<kw name="Click Element" library="SeleniumLibrary">
<doc>Click element identified by ``locator``.</doc>
<arguments>
<arg>xpath://button[@class='button-1 login-button']</arg>
</arguments>
<msg timestamp="20210316 18:24:12.179" level="INFO">Clicking element 'xpath://button[@class='button-1 login-button']'.</msg>
<status status="PASS" starttime="20210316 18:24:12.135" endtime="20210316 18:24:12.247"></status>
</kw>
<status status="PASS" starttime="20210316 18:24:12.135" endtime="20210316 18:24:12.247"></status>
</kw>
<kw name="Errormessage" library="login_resources">
<kw name="Page Should Contain" library="SeleniumLibrary">
<doc>Verifies that current page contains ``text``.</doc>
<arguments>
<arg>Login was unsuccessful.</arg>
</arguments>
<msg timestamp="20210316 18:24:12.261" level="INFO">Current page contains text 'Login was unsuccessful.'.</msg>
<status status="PASS" starttime="20210316 18:24:12.248" endtime="20210316 18:24:12.261"></status>
</kw>
<status status="PASS" starttime="20210316 18:24:12.247" endtime="20210316 18:24:12.261"></status>
</kw>
<status status="PASS" starttime="20210316 18:24:11.874" endtime="20210316 18:24:12.262"></status>
</kw>
<status status="PASS" starttime="20210316 18:24:11.873" endtime="20210316 18:24:12.262" critical="yes"></status>
</test>
<test id="s1-s1-t4" name="wrong user empty password">
<kw name="invalidlogin">
<arguments>
<arg>admin</arg>
<arg>${EMPTY}</arg>
</arguments>
<kw name="Input username" library="login_resources">
<arguments>
<arg>${username}</arg>
</arguments>
<kw name="Input Text" library="SeleniumLibrary">
<doc>Types the given ``text`` into text field identified by ``locator``.</doc>
<arguments>
<arg>id:Email</arg>
<arg>${username}</arg>
</arguments>
<msg timestamp="20210316 18:24:12.266" level="INFO">Typing text 'admin' into text field 'id:Email'.</msg>
<status status="PASS" starttime="20210316 18:24:12.266" endtime="20210316 18:24:12.359"></status>
</kw>
<status status="PASS" starttime="20210316 18:24:12.265" endtime="20210316 18:24:12.359"></status>
</kw>
<kw name="Input pwd" library="login_resources">
<arguments>
<arg>${password}</arg>
</arguments>
<kw name="Input Text" library="SeleniumLibrary">
<doc>Types the given ``text`` into text field identified by ``locator``.</doc>
<arguments>
<arg>id:Password</arg>
<arg>${password}</arg>
</arguments>
<msg timestamp="20210316 18:24:12.361" level="INFO">Typing text '' into text field 'id:Password'.</msg>
<status status="PASS" starttime="20210316 18:24:12.360" endtime="20210316 18:24:12.480"></status>
</kw>
<status status="PASS" starttime="20210316 18:24:12.359" endtime="20210316 18:24:12.481"></status>
</kw>
<kw name="clicklogin" library="login_resources">
<kw name="Click Element" library="SeleniumLibrary">
<doc>Click element identified by ``locator``.</doc>
<arguments>
<arg>xpath://button[@class='button-1 login-button']</arg>
</arguments>
<msg timestamp="20210316 18:24:12.482" level="INFO">Clicking element 'xpath://button[@class='button-1 login-button']'.</msg>
<status status="PASS" starttime="20210316 18:24:12.482" endtime="20210316 18:24:12.563"></status>
</kw>
<status status="PASS" starttime="20210316 18:24:12.481" endtime="20210316 18:24:12.564"></status>
</kw>
<kw name="Errormessage" library="login_resources">
<kw name="Page Should Contain" library="SeleniumLibrary">
<doc>Verifies that current page contains ``text``.</doc>
<arguments>
<arg>Login was unsuccessful.</arg>
</arguments>
<msg timestamp="20210316 18:24:12.579" level="INFO">Current page contains text 'Login was unsuccessful.'.</msg>
<status status="PASS" starttime="20210316 18:24:12.565" endtime="20210316 18:24:12.579"></status>
</kw>
<status status="PASS" starttime="20210316 18:24:12.564" endtime="20210316 18:24:12.579"></status>
</kw>
<status status="PASS" starttime="20210316 18:24:12.264" endtime="20210316 18:24:12.580"></status>
</kw>
<status status="PASS" starttime="20210316 18:24:12.263" endtime="20210316 18:24:12.580" critical="yes"></status>
</test>
<test id="s1-s1-t5" name="wrong user wrong password">
<kw name="invalidlogin">
<arguments>
<arg>admin</arg>
<arg>admin</arg>
</arguments>
<kw name="Input username" library="login_resources">
<arguments>
<arg>${username}</arg>
</arguments>
<kw name="Input Text" library="SeleniumLibrary">
<doc>Types the given ``text`` into text field identified by ``locator``.</doc>
<arguments>
<arg>id:Email</arg>
<arg>${username}</arg>
</arguments>
<msg timestamp="20210316 18:24:12.583" level="INFO">Typing text 'admin' into text field 'id:Email'.</msg>
<status status="PASS" starttime="20210316 18:24:12.583" endtime="20210316 18:24:12.700"></status>
</kw>
<status status="PASS" starttime="20210316 18:24:12.582" endtime="20210316 18:24:12.700"></status>
</kw>
<kw name="Input pwd" library="login_resources">
<arguments>
<arg>${password}</arg>
</arguments>
<kw name="Input Text" library="SeleniumLibrary">
<doc>Types the given ``text`` into text field identified by ``locator``.</doc>
<arguments>
<arg>id:Password</arg>
<arg>${password}</arg>
</arguments>
<msg timestamp="20210316 18:24:12.701" level="INFO">Typing text 'admin' into text field 'id:Password'.</msg>
<status status="PASS" starttime="20210316 18:24:12.701" endtime="20210316 18:24:12.795"></status>
</kw>
<status status="PASS" starttime="20210316 18:24:12.700" endtime="20210316 18:24:12.795"></status>
</kw>
<kw name="clicklogin" library="login_resources">
<kw name="Click Element" library="SeleniumLibrary">
<doc>Click element identified by ``locator``.</doc>
<arguments>
<arg>xpath://button[@class='button-1 login-button']</arg>
</arguments>
<msg timestamp="20210316 18:24:12.797" level="INFO">Clicking element 'xpath://button[@class='button-1 login-button']'.</msg>
<status status="PASS" starttime="20210316 18:24:12.796" endtime="20210316 18:24:12.839"></status>
</kw>
<status status="PASS" starttime="20210316 18:24:12.795" endtime="20210316 18:24:12.839"></status>
</kw>
<kw name="Errormessage" library="login_resources">
<kw name="Page Should Contain" library="SeleniumLibrary">
<doc>Verifies that current page contains ``text``.</doc>
<arguments>
<arg>Login was unsuccessful.</arg>
</arguments>
<msg timestamp="20210316 18:24:12.857" level="INFO">Current page contains text 'Login was unsuccessful.'.</msg>
<status status="PASS" starttime="20210316 18:24:12.840" endtime="20210316 18:24:12.858"></status>
</kw>
<status status="PASS" starttime="20210316 18:24:12.839" endtime="20210316 18:24:12.858"></status>
</kw>
<status status="PASS" starttime="20210316 18:24:12.582" endtime="20210316 18:24:12.858"></status>
</kw>
<status status="PASS" starttime="20210316 18:24:12.581" endtime="20210316 18:24:12.858" critical="yes"></status>
</test>
<kw name="closingbrowser" library="login_resources" type="teardown">
<kw name="Close All Browsers" library="SeleniumLibrary">
<doc>Closes all open browsers and resets the browser cache.</doc>
<status status="PASS" starttime="20210316 18:24:12.860" endtime="20210316 18:24:15.031"></status>
</kw>
<status status="PASS" starttime="20210316 18:24:12.860" endtime="20210316 18:24:15.031"></status>
</kw>
<status status="PASS" starttime="20210316 18:23:54.350" endtime="20210316 18:24:15.031"></status>
</suite>
<status status="PASS" starttime="20210316 18:23:54.307" endtime="20210316 18:24:15.036"></status>
</suite>
<statistics>
<total>
<stat pass="5" fail="0">Critical Tests</stat>
<stat pass="5" fail="0">All Tests</stat>
</total>
<tag>
</tag>
<suite>
<stat pass="5" fail="0" id="s1" name="Suites">Suites</stat>
<stat pass="5" fail="0" id="s1-s1" name="TC DD1">Suites.TC DD1</stat>
</suite>
</statistics>
<errors>
</errors>
</robot>
