<?xml version="1.0" encoding="UTF-8"?>
<robot generator="Robot 3.2.2 (Python 3.8.8 on win32)" generated="20210316 18:23:54.304" rpa="false">
<suite id="s1" name="Suites">
<suite id="s1-s1" name="TC DD2 excel" source="C:\Users\anand\PycharmProjects\seleniumProject\Testcases\TC_DD2_excel.robot">
<kw name="openmyBrowser" library="login_resources" type="setup">
<kw name="Open Browser" library="SeleniumLibrary">
<doc>Opens a new browser instance to the given ``url``.</doc>
<arguments>
<arg>${loginurl}</arg>
<arg>${browser}</arg>
</arguments>
<msg timestamp="20210316 18:23:55.620" level="INFO">Opening browser 'chrome' to base url 'https://admin-demo.nopcommerce.com'.</msg>
<status status="PASS" starttime="20210316 18:23:55.620" endtime="20210316 18:24:13.392"></status>
</kw>
<kw name="Maximize Browser Window" library="SeleniumLibrary">
<doc>Maximizes current browser window.</doc>
<status status="PASS" starttime="20210316 18:24:13.392" endtime="20210316 18:24:13.521"></status>
</kw>
<status status="PASS" starttime="20210316 18:23:55.619" endtime="20210316 18:24:13.521"></status>
</kw>
<test id="s1-s1-t1" name="LogintestwithExcel using">
<kw name="invalidlogin">
<arguments>
<arg>admin@yourstore.com</arg>
<arg>xz</arg>
</arguments>
<kw name="Input username" library="login_resources">
<arguments>
<arg>${username}</arg>
</arguments>
<kw name="Input Text" library="SeleniumLibrary">
<doc>Types the given ``text`` into text field identified by ``locator``.</doc>
<arguments>
<arg>id:Email</arg>
<arg>${username}</arg>
</arguments>
<msg timestamp="20210316 18:24:13.524" level="INFO">Typing text 'admin@yourstore.com' into text field 'id:Email'.</msg>
<status status="PASS" starttime="20210316 18:24:13.524" endtime="20210316 18:24:13.695"></status>
</kw>
<status status="PASS" starttime="20210316 18:24:13.524" endtime="20210316 18:24:13.695"></status>
</kw>
<kw name="Input pwd" library="login_resources">
<arguments>
<arg>${password}</arg>
</arguments>
<kw name="Input Text" library="SeleniumLibrary">
<doc>Types the given ``text`` into text field identified by ``locator``.</doc>
<arguments>
<arg>id:Password</arg>
<arg>${password}</arg>
</arguments>
<msg timestamp="20210316 18:24:13.697" level="INFO">Typing text 'xz' into text field 'id:Password'.</msg>
<status status="PASS" starttime="20210316 18:24:13.697" endtime="20210316 18:24:13.863"></status>
</kw>
<status status="PASS" starttime="20210316 18:24:13.696" endtime="20210316 18:24:13.863"></status>
</kw>
<kw name="clicklogin" library="login_resources">
<kw name="Click Element" library="SeleniumLibrary">
<doc>Click element identified by ``locator``.</doc>
<arguments>
<arg>xpath://button[@class='button-1 login-button']</arg>
</arguments>
<msg timestamp="20210316 18:24:13.864" level="INFO">Clicking element 'xpath://button[@class='button-1 login-button']'.</msg>
<status status="PASS" starttime="20210316 18:24:13.864" endtime="20210316 18:24:20.878"></status>
</kw>
<status status="PASS" starttime="20210316 18:24:13.863" endtime="20210316 18:24:20.878"></status>
</kw>
<kw name="Dashboard should be visible" library="login_resources">
<kw name="Page Should Contain" library="SeleniumLibrary">
<doc>Verifies that current page contains ``text``.</doc>
<arguments>
<arg>Dashboard</arg>
</arguments>
<kw name="Capture Page Screenshot" library="SeleniumLibrary">
<doc>Takes screenshot of the current page and embeds it into log file.</doc>
<msg timestamp="20210316 18:24:21.299" level="INFO" html="yes">&lt;/td&gt;&lt;/tr&gt;&lt;tr&gt;&lt;td colspan="3"&gt;&lt;a href="selenium-screenshot-1.png"&gt;&lt;img src="selenium-screenshot-1.png" width="800px"&gt;&lt;/a&gt;</msg>
<status status="PASS" starttime="20210316 18:24:20.922" endtime="20210316 18:24:21.299"></status>
</kw>
<msg timestamp="20210316 18:24:21.302" level="FAIL">Page should have contained text 'Dashboard' but did not.</msg>
<status status="FAIL" starttime="20210316 18:24:20.879" endtime="20210316 18:24:21.302"></status>
</kw>
<status status="FAIL" starttime="20210316 18:24:20.879" endtime="20210316 18:24:21.303"></status>
</kw>
<status status="FAIL" starttime="20210316 18:24:13.523" endtime="20210316 18:24:21.303"></status>
</kw>
<kw name="Run Keyword If Test Failed" library="BuiltIn" type="teardown">
<doc>Runs the given keyword with the given arguments, if the test failed.</doc>
<arguments>
<arg>Log</arg>
<arg>Screenshot</arg>
</arguments>
<kw name="Log" library="BuiltIn">
<doc>Logs the given message with the given level.</doc>
<arguments>
<arg>Screenshot</arg>
</arguments>
<msg timestamp="20210316 18:24:21.304" level="INFO">Screenshot</msg>
<status status="PASS" starttime="20210316 18:24:21.304" endtime="20210316 18:24:21.304"></status>
</kw>
<status status="PASS" starttime="20210316 18:24:21.303" endtime="20210316 18:24:21.304"></status>
</kw>
<status status="FAIL" starttime="20210316 18:24:13.521" endtime="20210316 18:24:21.304" critical="yes">Page should have contained text 'Dashboard' but did not.</status>
</test>
<test id="s1-s1-t2" name="LogintestwithExcel using">
<kw name="invalidlogin">
<arguments>
<arg>admin@yourstore.com</arg>
<arg>admin</arg>
</arguments>
<kw name="Input username" library="login_resources">
<arguments>
<arg>${username}</arg>
</arguments>
<kw name="Input Text" library="SeleniumLibrary">
<doc>Types the given ``text`` into text field identified by ``locator``.</doc>
<arguments>
<arg>id:Email</arg>
<arg>${username}</arg>
</arguments>
<msg timestamp="20210316 18:24:21.308" level="INFO">Typing text 'admin@yourstore.com' into text field 'id:Email'.</msg>
<status status="PASS" starttime="20210316 18:24:21.307" endtime="20210316 18:24:21.447"></status>
</kw>
<status status="PASS" starttime="20210316 18:24:21.307" endtime="20210316 18:24:21.447"></status>
</kw>
<kw name="Input pwd" library="login_resources">
<arguments>
<arg>${password}</arg>
</arguments>
<kw name="Input Text" library="SeleniumLibrary">
<doc>Types the given ``text`` into text field identified by ``locator``.</doc>
<arguments>
<arg>id:Password</arg>
<arg>${password}</arg>
</arguments>
<msg timestamp="20210316 18:24:21.449" level="INFO">Typing text 'admin' into text field 'id:Password'.</msg>
<status status="PASS" starttime="20210316 18:24:21.448" endtime="20210316 18:24:21.575"></status>
</kw>
<status status="PASS" starttime="20210316 18:24:21.448" endtime="20210316 18:24:21.575"></status>
</kw>
<kw name="clicklogin" library="login_resources">
<kw name="Click Element" library="SeleniumLibrary">
<doc>Click element identified by ``locator``.</doc>
<arguments>
<arg>xpath://button[@class='button-1 login-button']</arg>
</arguments>
<msg timestamp="20210316 18:24:21.576" level="INFO">Clicking element 'xpath://button[@class='button-1 login-button']'.</msg>
<status status="PASS" starttime="20210316 18:24:21.576" endtime="20210316 18:25:08.520"></status>
</kw>
<status status="PASS" starttime="20210316 18:24:21.575" endtime="20210316 18:25:08.520"></status>
</kw>
<kw name="Dashboard should be visible" library="login_resources">
<kw name="Page Should Contain" library="SeleniumLibrary">
<doc>Verifies that current page contains ``text``.</doc>
<arguments>
<arg>Dashboard</arg>
</arguments>
<msg timestamp="20210316 18:25:08.592" level="INFO">Current page contains text 'Dashboard'.</msg>
<status status="PASS" starttime="20210316 18:25:08.521" endtime="20210316 18:25:08.593"></status>
</kw>
<status status="PASS" starttime="20210316 18:25:08.521" endtime="20210316 18:25:08.593"></status>
</kw>
<status status="PASS" starttime="20210316 18:24:21.306" endtime="20210316 18:25:08.593"></status>
</kw>
<kw name="Run Keyword If Test Failed" library="BuiltIn" type="teardown">
<doc>Runs the given keyword with the given arguments, if the test failed.</doc>
<arguments>
<arg>Log</arg>
<arg>Screenshot</arg>
</arguments>
<status status="PASS" starttime="20210316 18:25:08.594" endtime="20210316 18:25:08.594"></status>
</kw>
<status status="PASS" starttime="20210316 18:24:21.305" endtime="20210316 18:25:08.594" critical="yes"></status>
</test>
<kw name="closingbrowser" library="login_resources" type="teardown">
<kw name="Close All Browsers" library="SeleniumLibrary">
<doc>Closes all open browsers and resets the browser cache.</doc>
<status status="PASS" starttime="20210316 18:25:08.600" endtime="20210316 18:25:10.845"></status>
</kw>
<status status="PASS" starttime="20210316 18:25:08.599" endtime="20210316 18:25:10.845"></status>
</kw>
<status status="FAIL" starttime="20210316 18:23:54.349" endtime="20210316 18:25:10.846"></status>
</suite>
<status status="FAIL" starttime="20210316 18:23:54.307" endtime="20210316 18:25:10.855"></status>
</suite>
<statistics>
<total>
<stat pass="1" fail="1">Critical Tests</stat>
<stat pass="1" fail="1">All Tests</stat>
</total>
<tag>
</tag>
<suite>
<stat pass="1" fail="1" id="s1" name="Suites">Suites</stat>
<stat pass="1" fail="1" id="s1-s1" name="TC DD2 excel">Suites.TC DD2 excel</stat>
</suite>
</statistics>
<errors>
<msg timestamp="20210316 18:24:21.305" level="WARN">Multiple test cases with name 'LogintestwithExcel using' executed in test suite 'Suites.TC DD2 excel'.</msg>
</errors>
</robot>
