<?xml version="1.0" encoding="UTF-8"?>
<robot generator="Robot 3.2.2 (Python 3.8.8 on win32)" generated="20210318 08:16:10.312" rpa="false">
<suite id="s1" name="TC Demo Registration &amp; TC Demo login">
<suite id="s1-s1" name="TC Demo Registration" source="C:\Users\anand\PycharmProjects\seleniumProject\TestCases\TC_Demo_Registration.robot">
<test id="s1-s1-t1" name="Run">
<kw name="Toopenbrowser">
<arguments>
<arg>http://demo.guru99.com/test/newtours/</arg>
<arg>chrome</arg>
<arg>admin</arg>
<arg>admin</arg>
<arg>admin</arg>
<arg>ARGENTINA</arg>
</arguments>
<kw name="openmyBrowser" library="Demo_Registration">
<arguments>
<arg>${loginurl}</arg>
<arg>${browser}</arg>
</arguments>
<kw name="Open Browser" library="SeleniumLibrary">
<doc>Opens a new browser instance to the given ``url``.</doc>
<arguments>
<arg>${loginurl}</arg>
<arg>${browser}</arg>
</arguments>
<msg timestamp="20210318 08:16:11.509" level="INFO">Opening browser 'chrome' to base url 'http://demo.guru99.com/test/newtours/'.</msg>
<status status="PASS" starttime="20210318 08:16:11.509" endtime="20210318 08:16:18.852"></status>
</kw>
<kw name="Maximize Browser Window" library="SeleniumLibrary">
<doc>Maximizes current browser window.</doc>
<status status="PASS" starttime="20210318 08:16:18.852" endtime="20210318 08:16:18.999"></status>
</kw>
<status status="PASS" starttime="20210318 08:16:11.508" endtime="20210318 08:16:19.000"></status>
</kw>
<kw name="Get Element Count" library="SeleniumLibrary">
<doc>Returns number of elements matching ``locator``.</doc>
<arguments>
<arg>xpath://img[@alt='Guru99 Demo Sites']</arg>
</arguments>
<assign>
<var>${demosite}</var>
</assign>
<msg timestamp="20210318 08:16:19.021" level="INFO">${demosite} = 1</msg>
<status status="PASS" starttime="20210318 08:16:19.000" endtime="20210318 08:16:19.021"></status>
</kw>
<kw name="Run Keyword If" library="BuiltIn">
<doc>Runs the given keyword with the given arguments, if ``condition`` is true.</doc>
<arguments>
<arg>${demosite}&gt;0</arg>
<arg>click_Register_Link</arg>
<arg>ELSE</arg>
<arg>closingbrowser</arg>
</arguments>
<kw name="click_Register_Link" library="Demo_Registration">
<kw name="Click Link" library="SeleniumLibrary">
<doc>Clicks a link identified by ``locator``.</doc>
<arguments>
<arg>xpath://a[text()='REGISTER']</arg>
</arguments>
<msg timestamp="20210318 08:16:19.022" level="INFO">Clicking link 'xpath://a[text()='REGISTER']'.</msg>
<status status="PASS" starttime="20210318 08:16:19.022" endtime="20210318 08:16:20.512"></status>
</kw>
<kw name="Title Should Be" library="SeleniumLibrary">
<doc>Verifies that current page title equals ``title``.</doc>
<arguments>
<arg>Register: Mercury Tours</arg>
</arguments>
<msg timestamp="20210318 08:16:20.521" level="INFO">Page title is 'Register: Mercury Tours'.</msg>
<status status="PASS" starttime="20210318 08:16:20.513" endtime="20210318 08:16:20.521"></status>
</kw>
<status status="PASS" starttime="20210318 08:16:19.022" endtime="20210318 08:16:20.521"></status>
</kw>
<status status="PASS" starttime="20210318 08:16:19.021" endtime="20210318 08:16:20.522"></status>
</kw>
<kw name="ToRegister">
<arguments>
<arg>${Username}</arg>
<arg>${Password}</arg>
<arg>${ConfirmPassword}</arg>
<arg>${Country}</arg>
</arguments>
<kw name="Input Username" library="Demo_Registration">
<arguments>
<arg>${Username}</arg>
</arguments>
<kw name="Set Variable" library="BuiltIn">
<doc>Returns the given values which can then be assigned to a variables.</doc>
<arguments>
<arg>xpath://input[@id='email']</arg>
</arguments>
<assign>
<var>${"email_txt"}</var>
</assign>
<msg timestamp="20210318 08:16:20.525" level="INFO">${"email_txt"} = xpath://input[@id='email']</msg>
<status status="PASS" starttime="20210318 08:16:20.525" endtime="20210318 08:16:20.525"></status>
</kw>
<kw name="Element Should Be Visible" library="SeleniumLibrary">
<doc>Verifies that the element identified by ``locator`` is visible.</doc>
<arguments>
<arg>${"email_txt"}</arg>
</arguments>
<msg timestamp="20210318 08:16:20.568" level="INFO">Element 'xpath://input[@id='email']' is displayed.</msg>
<status status="PASS" starttime="20210318 08:16:20.526" endtime="20210318 08:16:20.569"></status>
</kw>
<kw name="Element Should Be Enabled" library="SeleniumLibrary">
<doc>Verifies that element identified with ``locator`` is enabled.</doc>
<arguments>
<arg>${"email_txt"}</arg>
</arguments>
<status status="PASS" starttime="20210318 08:16:20.569" endtime="20210318 08:16:20.597"></status>
</kw>
<kw name="Input Text" library="SeleniumLibrary">
<doc>Types the given ``text`` into text field identified by ``locator``.</doc>
<arguments>
<arg>${"email_txt"}</arg>
<arg>${Username}</arg>
</arguments>
<msg timestamp="20210318 08:16:20.598" level="INFO">Typing text 'admin' into text field 'xpath://input[@id='email']'.</msg>
<status status="PASS" starttime="20210318 08:16:20.597" endtime="20210318 08:16:20.739"></status>
</kw>
<status status="PASS" starttime="20210318 08:16:20.523" endtime="20210318 08:16:20.739"></status>
</kw>
<kw name="Input Password1" library="Demo_Registration">
<arguments>
<arg>${Password}</arg>
</arguments>
<kw name="Set Variable" library="BuiltIn">
<doc>Returns the given values which can then be assigned to a variables.</doc>
<arguments>
<arg>xpath://input[@name='password']</arg>
</arguments>
<assign>
<var>${"email_txt1"}</var>
</assign>
<msg timestamp="20210318 08:16:20.740" level="INFO">${"email_txt1"} = xpath://input[@name='password']</msg>
<status status="PASS" starttime="20210318 08:16:20.740" endtime="20210318 08:16:20.740"></status>
</kw>
<kw name="Element Should Be Visible" library="SeleniumLibrary">
<doc>Verifies that the element identified by ``locator`` is visible.</doc>
<arguments>
<arg>${"email_txt1"}</arg>
</arguments>
<msg timestamp="20210318 08:16:20.778" level="INFO">Element 'xpath://input[@name='password']' is displayed.</msg>
<status status="PASS" starttime="20210318 08:16:20.740" endtime="20210318 08:16:20.778"></status>
</kw>
<kw name="Element Should Be Enabled" library="SeleniumLibrary">
<doc>Verifies that element identified with ``locator`` is enabled.</doc>
<arguments>
<arg>${"email_txt1"}</arg>
</arguments>
<status status="PASS" starttime="20210318 08:16:20.778" endtime="20210318 08:16:20.809"></status>
</kw>
<kw name="Input Text" library="SeleniumLibrary">
<doc>Types the given ``text`` into text field identified by ``locator``.</doc>
<arguments>
<arg>${"email_txt1"}</arg>
<arg>${Password}</arg>
</arguments>
<msg timestamp="20210318 08:16:20.809" level="INFO">Typing text 'admin' into text field 'xpath://input[@name='password']'.</msg>
<status status="PASS" starttime="20210318 08:16:20.809" endtime="20210318 08:16:20.928"></status>
</kw>
<status status="PASS" starttime="20210318 08:16:20.739" endtime="20210318 08:16:20.928"></status>
</kw>
<kw name="Input Password2" library="Demo_Registration">
<arguments>
<arg>${ConfirmPassword}</arg>
</arguments>
<kw name="Set Variable" library="BuiltIn">
<doc>Returns the given values which can then be assigned to a variables.</doc>
<arguments>
<arg>xpath://input[@name='confirmPassword']</arg>
</arguments>
<assign>
<var>${"email_txt2"}</var>
</assign>
<msg timestamp="20210318 08:16:20.930" level="INFO">${"email_txt2"} = xpath://input[@name='confirmPassword']</msg>
<status status="PASS" starttime="20210318 08:16:20.929" endtime="20210318 08:16:20.930"></status>
</kw>
<kw name="Element Should Be Visible" library="SeleniumLibrary">
<doc>Verifies that the element identified by ``locator`` is visible.</doc>
<arguments>
<arg>${"email_txt2"}</arg>
</arguments>
<msg timestamp="20210318 08:16:20.964" level="INFO">Element 'xpath://input[@name='confirmPassword']' is displayed.</msg>
<status status="PASS" starttime="20210318 08:16:20.930" endtime="20210318 08:16:20.964"></status>
</kw>
<kw name="Element Should Be Enabled" library="SeleniumLibrary">
<doc>Verifies that element identified with ``locator`` is enabled.</doc>
<arguments>
<arg>${"email_txt2"}</arg>
</arguments>
<status status="PASS" starttime="20210318 08:16:20.964" endtime="20210318 08:16:20.991"></status>
</kw>
<kw name="Input Text" library="SeleniumLibrary">
<doc>Types the given ``text`` into text field identified by ``locator``.</doc>
<arguments>
<arg>${"email_txt2"}</arg>
<arg>${ConfirmPassword}</arg>
</arguments>
<msg timestamp="20210318 08:16:20.991" level="INFO">Typing text 'admin' into text field 'xpath://input[@name='confirmPassword']'.</msg>
<status status="PASS" starttime="20210318 08:16:20.991" endtime="20210318 08:16:21.114"></status>
</kw>
<status status="PASS" starttime="20210318 08:16:20.929" endtime="20210318 08:16:21.114"></status>
</kw>
<kw name="choose_value_from_dropdown" library="Demo_Registration">
<arguments>
<arg>${Country}</arg>
</arguments>
<kw name="Select From List By Value" library="SeleniumLibrary">
<doc>Selects options from selection list ``locator`` by ``values``.</doc>
<arguments>
<arg>country</arg>
<arg>${Country}</arg>
</arguments>
<msg timestamp="20210318 08:16:21.115" level="INFO">Selecting options from selection list 'country' by value ARGENTINA.</msg>
<status status="PASS" starttime="20210318 08:16:21.115" endtime="20210318 08:16:21.241"></status>
</kw>
<status status="PASS" starttime="20210318 08:16:21.114" endtime="20210318 08:16:21.241"></status>
</kw>
<kw name="clicksubmit" library="Demo_Registration">
<kw name="Click Button" library="SeleniumLibrary">
<doc>Clicks button identified by ``locator``.</doc>
<arguments>
<arg>xpath://input[@name='submit']</arg>
</arguments>
<msg timestamp="20210318 08:16:21.242" level="INFO">Clicking button 'xpath://input[@name='submit']'.</msg>
<status status="PASS" starttime="20210318 08:16:21.242" endtime="20210318 08:16:23.342"></status>
</kw>
<status status="PASS" starttime="20210318 08:16:21.241" endtime="20210318 08:16:23.342"></status>
</kw>
<kw name="VerifyRegister" library="Demo_Registration">
<kw name="Page Should Contain" library="SeleniumLibrary">
<doc>Verifies that current page contains ``text``.</doc>
<arguments>
<arg>Thank you for registering.</arg>
</arguments>
<msg timestamp="20210318 08:16:23.370" level="INFO">Current page contains text 'Thank you for registering.'.</msg>
<status status="PASS" starttime="20210318 08:16:23.344" endtime="20210318 08:16:23.370"></status>
</kw>
<status status="PASS" starttime="20210318 08:16:23.343" endtime="20210318 08:16:23.370"></status>
</kw>
<kw name="closingbrowser" library="Demo_Registration">
<kw name="Close All Browsers" library="SeleniumLibrary">
<doc>Closes all open browsers and resets the browser cache.</doc>
<status status="PASS" starttime="20210318 08:16:23.371" endtime="20210318 08:16:25.532"></status>
</kw>
<status status="PASS" starttime="20210318 08:16:23.371" endtime="20210318 08:16:25.532"></status>
</kw>
<status status="PASS" starttime="20210318 08:16:20.522" endtime="20210318 08:16:25.533"></status>
</kw>
<status status="PASS" starttime="20210318 08:16:11.507" endtime="20210318 08:16:25.534"></status>
</kw>
<kw name="Run Keyword If Test Failed" library="BuiltIn" type="teardown">
<doc>Runs the given keyword with the given arguments, if the test failed.</doc>
<arguments>
<arg>Log</arg>
<arg>Screenshot</arg>
</arguments>
<status status="PASS" starttime="20210318 08:16:25.536" endtime="20210318 08:16:25.538"></status>
</kw>
<status status="PASS" starttime="20210318 08:16:11.506" endtime="20210318 08:16:25.539" critical="yes"></status>
</test>
<test id="s1-s1-t2" name="Run">
<kw name="Toopenbrowser">
<arguments>
<arg>http://demo.guru99.com/test/newtours/</arg>
<arg>firefox</arg>
<arg>admin</arg>
<arg>admin</arg>
<arg>admin</arg>
<arg>ARGENTINA</arg>
</arguments>
<kw name="openmyBrowser" library="Demo_Registration">
<arguments>
<arg>${loginurl}</arg>
<arg>${browser}</arg>
</arguments>
<kw name="Open Browser" library="SeleniumLibrary">
<doc>Opens a new browser instance to the given ``url``.</doc>
<arguments>
<arg>${loginurl}</arg>
<arg>${browser}</arg>
</arguments>
<msg timestamp="20210318 08:16:25.555" level="INFO">Opening browser 'firefox' to base url 'http://demo.guru99.com/test/newtours/'.</msg>
<status status="PASS" starttime="20210318 08:16:25.554" endtime="20210318 08:16:39.092"></status>
</kw>
<kw name="Maximize Browser Window" library="SeleniumLibrary">
<doc>Maximizes current browser window.</doc>
<status status="PASS" starttime="20210318 08:16:39.093" endtime="20210318 08:16:39.100"></status>
</kw>
<status status="PASS" starttime="20210318 08:16:25.552" endtime="20210318 08:16:39.101"></status>
</kw>
<kw name="Get Element Count" library="SeleniumLibrary">
<doc>Returns number of elements matching ``locator``.</doc>
<arguments>
<arg>xpath://img[@alt='Guru99 Demo Sites']</arg>
</arguments>
<assign>
<var>${demosite}</var>
</assign>
<msg timestamp="20210318 08:16:39.119" level="INFO">${demosite} = 1</msg>
<status status="PASS" starttime="20210318 08:16:39.101" endtime="20210318 08:16:39.119"></status>
</kw>
<kw name="Run Keyword If" library="BuiltIn">
<doc>Runs the given keyword with the given arguments, if ``condition`` is true.</doc>
<arguments>
<arg>${demosite}&gt;0</arg>
<arg>click_Register_Link</arg>
<arg>ELSE</arg>
<arg>closingbrowser</arg>
</arguments>
<kw name="click_Register_Link" library="Demo_Registration">
<kw name="Click Link" library="SeleniumLibrary">
<doc>Clicks a link identified by ``locator``.</doc>
<arguments>
<arg>xpath://a[text()='REGISTER']</arg>
</arguments>
<msg timestamp="20210318 08:16:39.120" level="INFO">Clicking link 'xpath://a[text()='REGISTER']'.</msg>
<status status="PASS" starttime="20210318 08:16:39.120" endtime="20210318 08:16:40.452"></status>
</kw>
<kw name="Title Should Be" library="SeleniumLibrary">
<doc>Verifies that current page title equals ``title``.</doc>
<arguments>
<arg>Register: Mercury Tours</arg>
</arguments>
<msg timestamp="20210318 08:16:40.456" level="INFO">Page title is 'Register: Mercury Tours'.</msg>
<status status="PASS" starttime="20210318 08:16:40.452" endtime="20210318 08:16:40.456"></status>
</kw>
<status status="PASS" starttime="20210318 08:16:39.120" endtime="20210318 08:16:40.457"></status>
</kw>
<status status="PASS" starttime="20210318 08:16:39.119" endtime="20210318 08:16:40.457"></status>
</kw>
<kw name="ToRegister">
<arguments>
<arg>${Username}</arg>
<arg>${Password}</arg>
<arg>${ConfirmPassword}</arg>
<arg>${Country}</arg>
</arguments>
<kw name="Input Username" library="Demo_Registration">
<arguments>
<arg>${Username}</arg>
</arguments>
<kw name="Set Variable" library="BuiltIn">
<doc>Returns the given values which can then be assigned to a variables.</doc>
<arguments>
<arg>xpath://input[@id='email']</arg>
</arguments>
<assign>
<var>${"email_txt"}</var>
</assign>
<msg timestamp="20210318 08:16:40.461" level="INFO">${"email_txt"} = xpath://input[@id='email']</msg>
<status status="PASS" starttime="20210318 08:16:40.460" endtime="20210318 08:16:40.461"></status>
</kw>
<kw name="Element Should Be Visible" library="SeleniumLibrary">
<doc>Verifies that the element identified by ``locator`` is visible.</doc>
<arguments>
<arg>${"email_txt"}</arg>
</arguments>
<msg timestamp="20210318 08:16:40.525" level="INFO">Element 'xpath://input[@id='email']' is displayed.</msg>
<status status="PASS" starttime="20210318 08:16:40.461" endtime="20210318 08:16:40.525"></status>
</kw>
<kw name="Element Should Be Enabled" library="SeleniumLibrary">
<doc>Verifies that element identified with ``locator`` is enabled.</doc>
<arguments>
<arg>${"email_txt"}</arg>
</arguments>
<status status="PASS" starttime="20210318 08:16:40.525" endtime="20210318 08:16:40.563"></status>
</kw>
<kw name="Input Text" library="SeleniumLibrary">
<doc>Types the given ``text`` into text field identified by ``locator``.</doc>
<arguments>
<arg>${"email_txt"}</arg>
<arg>${Username}</arg>
</arguments>
<msg timestamp="20210318 08:16:40.565" level="INFO">Typing text 'admin' into text field 'xpath://input[@id='email']'.</msg>
<status status="PASS" starttime="20210318 08:16:40.564" endtime="20210318 08:16:40.623"></status>
</kw>
<status status="PASS" starttime="20210318 08:16:40.459" endtime="20210318 08:16:40.623"></status>
</kw>
<kw name="Input Password1" library="Demo_Registration">
<arguments>
<arg>${Password}</arg>
</arguments>
<kw name="Set Variable" library="BuiltIn">
<doc>Returns the given values which can then be assigned to a variables.</doc>
<arguments>
<arg>xpath://input[@name='password']</arg>
</arguments>
<assign>
<var>${"email_txt1"}</var>
</assign>
<msg timestamp="20210318 08:16:40.626" level="INFO">${"email_txt1"} = xpath://input[@name='password']</msg>
<status status="PASS" starttime="20210318 08:16:40.625" endtime="20210318 08:16:40.626"></status>
</kw>
<kw name="Element Should Be Visible" library="SeleniumLibrary">
<doc>Verifies that the element identified by ``locator`` is visible.</doc>
<arguments>
<arg>${"email_txt1"}</arg>
</arguments>
<msg timestamp="20210318 08:16:40.670" level="INFO">Element 'xpath://input[@name='password']' is displayed.</msg>
<status status="PASS" starttime="20210318 08:16:40.626" endtime="20210318 08:16:40.671"></status>
</kw>
<kw name="Element Should Be Enabled" library="SeleniumLibrary">
<doc>Verifies that element identified with ``locator`` is enabled.</doc>
<arguments>
<arg>${"email_txt1"}</arg>
</arguments>
<status status="PASS" starttime="20210318 08:16:40.671" endtime="20210318 08:16:40.707"></status>
</kw>
<kw name="Input Text" library="SeleniumLibrary">
<doc>Types the given ``text`` into text field identified by ``locator``.</doc>
<arguments>
<arg>${"email_txt1"}</arg>
<arg>${Password}</arg>
</arguments>
<msg timestamp="20210318 08:16:40.709" level="INFO">Typing text 'admin' into text field 'xpath://input[@name='password']'.</msg>
<status status="PASS" starttime="20210318 08:16:40.708" endtime="20210318 08:16:40.755"></status>
</kw>
<status status="PASS" starttime="20210318 08:16:40.624" endtime="20210318 08:16:40.756"></status>
</kw>
<kw name="Input Password2" library="Demo_Registration">
<arguments>
<arg>${ConfirmPassword}</arg>
</arguments>
<kw name="Set Variable" library="BuiltIn">
<doc>Returns the given values which can then be assigned to a variables.</doc>
<arguments>
<arg>xpath://input[@name='confirmPassword']</arg>
</arguments>
<assign>
<var>${"email_txt2"}</var>
</assign>
<msg timestamp="20210318 08:16:40.758" level="INFO">${"email_txt2"} = xpath://input[@name='confirmPassword']</msg>
<status status="PASS" starttime="20210318 08:16:40.758" endtime="20210318 08:16:40.758"></status>
</kw>
<kw name="Element Should Be Visible" library="SeleniumLibrary">
<doc>Verifies that the element identified by ``locator`` is visible.</doc>
<arguments>
<arg>${"email_txt2"}</arg>
</arguments>
<msg timestamp="20210318 08:16:40.806" level="INFO">Element 'xpath://input[@name='confirmPassword']' is displayed.</msg>
<status status="PASS" starttime="20210318 08:16:40.759" endtime="20210318 08:16:40.806"></status>
</kw>
<kw name="Element Should Be Enabled" library="SeleniumLibrary">
<doc>Verifies that element identified with ``locator`` is enabled.</doc>
<arguments>
<arg>${"email_txt2"}</arg>
</arguments>
<status status="PASS" starttime="20210318 08:16:40.806" endtime="20210318 08:16:40.902"></status>
</kw>
<kw name="Input Text" library="SeleniumLibrary">
<doc>Types the given ``text`` into text field identified by ``locator``.</doc>
<arguments>
<arg>${"email_txt2"}</arg>
<arg>${ConfirmPassword}</arg>
</arguments>
<msg timestamp="20210318 08:16:40.903" level="INFO">Typing text 'admin' into text field 'xpath://input[@name='confirmPassword']'.</msg>
<status status="PASS" starttime="20210318 08:16:40.903" endtime="20210318 08:16:40.941"></status>
</kw>
<status status="PASS" starttime="20210318 08:16:40.756" endtime="20210318 08:16:40.942"></status>
</kw>
<kw name="choose_value_from_dropdown" library="Demo_Registration">
<arguments>
<arg>${Country}</arg>
</arguments>
<kw name="Select From List By Value" library="SeleniumLibrary">
<doc>Selects options from selection list ``locator`` by ``values``.</doc>
<arguments>
<arg>country</arg>
<arg>${Country}</arg>
</arguments>
<msg timestamp="20210318 08:16:40.944" level="INFO">Selecting options from selection list 'country' by value ARGENTINA.</msg>
<status status="PASS" starttime="20210318 08:16:40.943" endtime="20210318 08:16:41.198"></status>
</kw>
<status status="PASS" starttime="20210318 08:16:40.942" endtime="20210318 08:16:41.199"></status>
</kw>
<kw name="clicksubmit" library="Demo_Registration">
<kw name="Click Button" library="SeleniumLibrary">
<doc>Clicks button identified by ``locator``.</doc>
<arguments>
<arg>xpath://input[@name='submit']</arg>
</arguments>
<msg timestamp="20210318 08:16:41.199" level="INFO">Clicking button 'xpath://input[@name='submit']'.</msg>
<status status="PASS" starttime="20210318 08:16:41.199" endtime="20210318 08:16:43.137"></status>
</kw>
<status status="PASS" starttime="20210318 08:16:41.199" endtime="20210318 08:16:43.138"></status>
</kw>
<kw name="VerifyRegister" library="Demo_Registration">
<kw name="Page Should Contain" library="SeleniumLibrary">
<doc>Verifies that current page contains ``text``.</doc>
<arguments>
<arg>Thank you for registering.</arg>
</arguments>
<msg timestamp="20210318 08:16:43.165" level="INFO">Current page contains text 'Thank you for registering.'.</msg>
<status status="PASS" starttime="20210318 08:16:43.139" endtime="20210318 08:16:43.165"></status>
</kw>
<status status="PASS" starttime="20210318 08:16:43.138" endtime="20210318 08:16:43.165"></status>
</kw>
<kw name="closingbrowser" library="Demo_Registration">
<kw name="Close All Browsers" library="SeleniumLibrary">
<doc>Closes all open browsers and resets the browser cache.</doc>
<status status="PASS" starttime="20210318 08:16:43.166" endtime="20210318 08:16:44.582"></status>
</kw>
<status status="PASS" starttime="20210318 08:16:43.166" endtime="20210318 08:16:44.583"></status>
</kw>
<status status="PASS" starttime="20210318 08:16:40.457" endtime="20210318 08:16:44.583"></status>
</kw>
<status status="PASS" starttime="20210318 08:16:25.550" endtime="20210318 08:16:44.583"></status>
</kw>
<kw name="Run Keyword If Test Failed" library="BuiltIn" type="teardown">
<doc>Runs the given keyword with the given arguments, if the test failed.</doc>
<arguments>
<arg>Log</arg>
<arg>Screenshot</arg>
</arguments>
<status status="PASS" starttime="20210318 08:16:44.584" endtime="20210318 08:16:44.584"></status>
</kw>
<status status="PASS" starttime="20210318 08:16:25.546" endtime="20210318 08:16:44.584" critical="yes"></status>
</test>
<status status="PASS" starttime="20210318 08:16:10.359" endtime="20210318 08:16:44.586"></status>
</suite>
<suite id="s1-s2" name="TC Demo login" source="C:\Users\anand\PycharmProjects\seleniumProject\TestCases\TC_Demo_login.robot">
<kw name="openmyBrowser" library="Demo_Login" type="setup">
<kw name="Open Browser" library="SeleniumLibrary">
<doc>Opens a new browser instance to the given ``url``.</doc>
<arguments>
<arg>${loginurl}</arg>
<arg>${browser}</arg>
</arguments>
<msg timestamp="20210318 08:16:44.659" level="INFO">Opening browser 'chrome' to base url 'http://demo.guru99.com/test/newtours/'.</msg>
<status status="PASS" starttime="20210318 08:16:44.659" endtime="20210318 08:16:52.397"></status>
</kw>
<kw name="Sleep" library="BuiltIn">
<doc>Pauses the test executed for the given time.</doc>
<arguments>
<arg>5</arg>
</arguments>
<msg timestamp="20210318 08:16:57.397" level="INFO">Slept 5 seconds</msg>
<status status="PASS" starttime="20210318 08:16:52.397" endtime="20210318 08:16:57.397"></status>
</kw>
<kw name="Maximize Browser Window" library="SeleniumLibrary">
<doc>Maximizes current browser window.</doc>
<status status="PASS" starttime="20210318 08:16:57.397" endtime="20210318 08:16:57.553"></status>
</kw>
<kw name="Sleep" library="BuiltIn">
<doc>Pauses the test executed for the given time.</doc>
<arguments>
<arg>5</arg>
</arguments>
<msg timestamp="20210318 08:17:02.554" level="INFO">Slept 5 seconds</msg>
<status status="PASS" starttime="20210318 08:16:57.553" endtime="20210318 08:17:02.555"></status>
</kw>
<status status="PASS" starttime="20210318 08:16:44.658" endtime="20210318 08:17:02.556"></status>
</kw>
<test id="s1-s2-t1" name="Logintc">
<kw name="Login to the application">
<arguments>
<arg>admin</arg>
<arg>admin</arg>
<arg>2</arg>
<arg>London</arg>
<arg>June</arg>
<arg>15</arg>
<arg>Paris</arg>
<arg>August</arg>
<arg>12</arg>
<arg>Unified Airlines</arg>
</arguments>
<kw name="Input Username" library="Demo_Login">
<arguments>
<arg>${Username}</arg>
</arguments>
<kw name="Set Variable" library="BuiltIn">
<doc>Returns the given values which can then be assigned to a variables.</doc>
<arguments>
<arg>xpath://input[@name='userName']</arg>
</arguments>
<assign>
<var>${"email_txt"}</var>
</assign>
<msg timestamp="20210318 08:17:02.563" level="INFO">${"email_txt"} = xpath://input[@name='userName']</msg>
<status status="PASS" starttime="20210318 08:17:02.562" endtime="20210318 08:17:02.563"></status>
</kw>
<kw name="Element Should Be Visible" library="SeleniumLibrary">
<doc>Verifies that the element identified by ``locator`` is visible.</doc>
<arguments>
<arg>${"email_txt"}</arg>
</arguments>
<msg timestamp="20210318 08:17:02.633" level="INFO">Element 'xpath://input[@name='userName']' is displayed.</msg>
<status status="PASS" starttime="20210318 08:17:02.564" endtime="20210318 08:17:02.633"></status>
</kw>
<kw name="Element Should Be Enabled" library="SeleniumLibrary">
<doc>Verifies that element identified with ``locator`` is enabled.</doc>
<arguments>
<arg>${"email_txt"}</arg>
</arguments>
<status status="PASS" starttime="20210318 08:17:02.634" endtime="20210318 08:17:02.663"></status>
</kw>
<kw name="Input Text" library="SeleniumLibrary">
<doc>Types the given ``text`` into text field identified by ``locator``.</doc>
<arguments>
<arg>${"email_txt"}</arg>
<arg>${Username}</arg>
</arguments>
<msg timestamp="20210318 08:17:02.664" level="INFO">Typing text 'admin' into text field 'xpath://input[@name='userName']'.</msg>
<status status="PASS" starttime="20210318 08:17:02.663" endtime="20210318 08:17:02.804"></status>
</kw>
<status status="PASS" starttime="20210318 08:17:02.561" endtime="20210318 08:17:02.805"></status>
</kw>
<kw name="Input Password1" library="Demo_Login">
<arguments>
<arg>${Password}</arg>
</arguments>
<kw name="Set Variable" library="BuiltIn">
<doc>Returns the given values which can then be assigned to a variables.</doc>
<arguments>
<arg>xpath://input[@name='password']</arg>
</arguments>
<assign>
<var>${"email_txt1"}</var>
</assign>
<msg timestamp="20210318 08:17:02.806" level="INFO">${"email_txt1"} = xpath://input[@name='password']</msg>
<status status="PASS" starttime="20210318 08:17:02.806" endtime="20210318 08:17:02.807"></status>
</kw>
<kw name="Element Should Be Visible" library="SeleniumLibrary">
<doc>Verifies that the element identified by ``locator`` is visible.</doc>
<arguments>
<arg>${"email_txt1"}</arg>
</arguments>
<msg timestamp="20210318 08:17:02.869" level="INFO">Element 'xpath://input[@name='password']' is displayed.</msg>
<status status="PASS" starttime="20210318 08:17:02.807" endtime="20210318 08:17:02.869"></status>
</kw>
<kw name="Element Should Be Enabled" library="SeleniumLibrary">
<doc>Verifies that element identified with ``locator`` is enabled.</doc>
<arguments>
<arg>${"email_txt1"}</arg>
</arguments>
<status status="PASS" starttime="20210318 08:17:02.870" endtime="20210318 08:17:02.897"></status>
</kw>
<kw name="Input Text" library="SeleniumLibrary">
<doc>Types the given ``text`` into text field identified by ``locator``.</doc>
<arguments>
<arg>${"email_txt1"}</arg>
<arg>${Password}</arg>
</arguments>
<msg timestamp="20210318 08:17:02.898" level="INFO">Typing text 'admin' into text field 'xpath://input[@name='password']'.</msg>
<status status="PASS" starttime="20210318 08:17:02.897" endtime="20210318 08:17:03.014"></status>
</kw>
<status status="PASS" starttime="20210318 08:17:02.805" endtime="20210318 08:17:03.015"></status>
</kw>
<kw name="clicksubmit" library="Demo_Login">
<kw name="Click Element" library="SeleniumLibrary">
<doc>Click element identified by ``locator``.</doc>
<arguments>
<arg>xpath://input[@name='submit']</arg>
</arguments>
<msg timestamp="20210318 08:17:03.016" level="INFO">Clicking element 'xpath://input[@name='submit']'.</msg>
<status status="PASS" starttime="20210318 08:17:03.015" endtime="20210318 08:17:31.398"></status>
</kw>
<status status="PASS" starttime="20210318 08:17:03.015" endtime="20210318 08:17:31.398"></status>
</kw>
<kw name="VerifyLogin" library="Demo_Login">
<kw name="Page Should Contain" library="SeleniumLibrary">
<doc>Verifies that current page contains ``text``.</doc>
<arguments>
<arg>Login Successfully</arg>
</arguments>
<msg timestamp="20210318 08:17:31.439" level="INFO">Current page contains text 'Login Successfully'.</msg>
<status status="PASS" starttime="20210318 08:17:31.400" endtime="20210318 08:17:31.439"></status>
</kw>
<status status="PASS" starttime="20210318 08:17:31.399" endtime="20210318 08:17:31.440"></status>
</kw>
<kw name="ClickFlights" library="Demo_Login">
<kw name="Click Link" library="SeleniumLibrary">
<doc>Clicks a link identified by ``locator``.</doc>
<arguments>
<arg>xpath://a[text()='Flights']</arg>
</arguments>
<msg timestamp="20210318 08:17:31.441" level="INFO">Clicking link 'xpath://a[text()='Flights']'.</msg>
<status status="PASS" starttime="20210318 08:17:31.441" endtime="20210318 08:17:33.128"></status>
</kw>
<status status="PASS" starttime="20210318 08:17:31.440" endtime="20210318 08:17:33.129"></status>
</kw>
<kw name="Typeradio" library="Demo_Login">
<kw name="Page Should Contain Radio Button" library="SeleniumLibrary">
<doc>Verifies radio button ``locator`` is found from current page.</doc>
<arguments>
<arg>//input[@type='radio' and @value='roundtrip']</arg>
</arguments>
<msg timestamp="20210318 08:17:33.163" level="INFO">Current page contains radio button '//input[@type='radio' and @value='roundtrip']'.</msg>
<status status="PASS" starttime="20210318 08:17:33.130" endtime="20210318 08:17:33.163"></status>
</kw>
<kw name="Click Element" library="SeleniumLibrary">
<doc>Click element identified by ``locator``.</doc>
<arguments>
<arg>xpath://input[@type='radio' and @value='oneway']</arg>
</arguments>
<msg timestamp="20210318 08:17:33.163" level="INFO">Clicking element 'xpath://input[@type='radio' and @value='oneway']'.</msg>
<status status="PASS" starttime="20210318 08:17:33.163" endtime="20210318 08:17:33.249"></status>
</kw>
<status status="PASS" starttime="20210318 08:17:33.129" endtime="20210318 08:17:33.249"></status>
</kw>
<kw name="Passengersdropdown" library="Demo_Login">
<arguments>
<arg>${Passengers}</arg>
</arguments>
<kw name="Select From List By Value" library="SeleniumLibrary">
<doc>Selects options from selection list ``locator`` by ``values``.</doc>
<arguments>
<arg>passCount</arg>
<arg>${Passengers}</arg>
</arguments>
<msg timestamp="20210318 08:17:33.250" level="INFO">Selecting options from selection list 'passCount' by value 2.</msg>
<status status="PASS" starttime="20210318 08:17:33.250" endtime="20210318 08:17:33.378"></status>
</kw>
<status status="PASS" starttime="20210318 08:17:33.249" endtime="20210318 08:17:33.378"></status>
</kw>
<kw name="DepartingFromdropdown" library="Demo_Login">
<arguments>
<arg>${Departing From}</arg>
</arguments>
<kw name="Select From List By Value" library="SeleniumLibrary">
<doc>Selects options from selection list ``locator`` by ``values``.</doc>
<arguments>
<arg>fromPort</arg>
<arg>${Departing From}</arg>
</arguments>
<msg timestamp="20210318 08:17:33.380" level="INFO">Selecting options from selection list 'fromPort' by value London.</msg>
<status status="PASS" starttime="20210318 08:17:33.379" endtime="20210318 08:17:33.481"></status>
</kw>
<status status="PASS" starttime="20210318 08:17:33.379" endtime="20210318 08:17:33.482"></status>
</kw>
<kw name="Ondropdown" library="Demo_Login">
<arguments>
<arg>${On}</arg>
</arguments>
<kw name="Select From List By Label" library="SeleniumLibrary">
<doc>Selects options from selection list ``locator`` by ``labels``.</doc>
<arguments>
<arg>fromMonth</arg>
<arg>${On}</arg>
</arguments>
<msg timestamp="20210318 08:17:33.483" level="INFO">Selecting options from selection list 'fromMonth' by label June.</msg>
<status status="PASS" starttime="20210318 08:17:33.483" endtime="20210318 08:17:33.586"></status>
</kw>
<status status="PASS" starttime="20210318 08:17:33.482" endtime="20210318 08:17:33.586"></status>
</kw>
<kw name="ondropdowndate" library="Demo_Login">
<arguments>
<arg>${OnDay}</arg>
</arguments>
<kw name="Select From List By Value" library="SeleniumLibrary">
<doc>Selects options from selection list ``locator`` by ``values``.</doc>
<arguments>
<arg>fromDay</arg>
<arg>${OnDay}</arg>
</arguments>
<msg timestamp="20210318 08:17:33.587" level="INFO">Selecting options from selection list 'fromDay' by value 15.</msg>
<status status="PASS" starttime="20210318 08:17:33.587" endtime="20210318 08:17:33.707"></status>
</kw>
<status status="PASS" starttime="20210318 08:17:33.587" endtime="20210318 08:17:33.707"></status>
</kw>
<kw name="ArrivingIndropdown" library="Demo_Login">
<arguments>
<arg>${Arriving}</arg>
</arguments>
<kw name="Select From List By Value" library="SeleniumLibrary">
<doc>Selects options from selection list ``locator`` by ``values``.</doc>
<arguments>
<arg>toPort</arg>
<arg>${Arriving}</arg>
</arguments>
<msg timestamp="20210318 08:17:33.709" level="INFO">Selecting options from selection list 'toPort' by value Paris.</msg>
<status status="PASS" starttime="20210318 08:17:33.708" endtime="20210318 08:17:33.814"></status>
</kw>
<status status="PASS" starttime="20210318 08:17:33.708" endtime="20210318 08:17:33.815"></status>
</kw>
<kw name="Returningmonthdropdown" library="Demo_Login">
<arguments>
<arg>${Returnmonth}</arg>
</arguments>
<kw name="Select From List By Label" library="SeleniumLibrary">
<doc>Selects options from selection list ``locator`` by ``labels``.</doc>
<arguments>
<arg>toMonth</arg>
<arg>${Returnmonth}</arg>
</arguments>
<msg timestamp="20210318 08:17:33.816" level="INFO">Selecting options from selection list 'toMonth' by label August.</msg>
<status status="PASS" starttime="20210318 08:17:33.815" endtime="20210318 08:17:33.921"></status>
</kw>
<status status="PASS" starttime="20210318 08:17:33.815" endtime="20210318 08:17:33.921"></status>
</kw>
<kw name="Returningdaydropdown" library="Demo_Login">
<arguments>
<arg>${Returnday}</arg>
</arguments>
<kw name="Select From List By Value" library="SeleniumLibrary">
<doc>Selects options from selection list ``locator`` by ``values``.</doc>
<arguments>
<arg>toDay</arg>
<arg>${Returnday}</arg>
</arguments>
<msg timestamp="20210318 08:17:33.922" level="INFO">Selecting options from selection list 'toDay' by value 12.</msg>
<status status="PASS" starttime="20210318 08:17:33.922" endtime="20210318 08:17:33.976"></status>
</kw>
<status status="PASS" starttime="20210318 08:17:33.921" endtime="20210318 08:17:33.976"></status>
</kw>
<kw name="Serviceclassradio" library="Demo_Login">
<kw name="Page Should Contain Radio Button" library="SeleniumLibrary">
<doc>Verifies radio button ``locator`` is found from current page.</doc>
<arguments>
<arg>//input[@type='radio' and @value='Coach']</arg>
</arguments>
<msg timestamp="20210318 08:17:34.003" level="INFO">Current page contains radio button '//input[@type='radio' and @value='Coach']'.</msg>
<status status="PASS" starttime="20210318 08:17:33.977" endtime="20210318 08:17:34.004"></status>
</kw>
<kw name="Click Element" library="SeleniumLibrary">
<doc>Click element identified by ``locator``.</doc>
<arguments>
<arg>xpath://input[@value='Business']</arg>
</arguments>
<msg timestamp="20210318 08:17:34.004" level="INFO">Clicking element 'xpath://input[@value='Business']'.</msg>
<status status="PASS" starttime="20210318 08:17:34.004" endtime="20210318 08:17:34.081"></status>
</kw>
<status status="PASS" starttime="20210318 08:17:33.977" endtime="20210318 08:17:34.081"></status>
</kw>
<kw name="Airlinedropdown" library="Demo_Login">
<arguments>
<arg>${Airline}</arg>
</arguments>
<kw name="Select From List By Label" library="SeleniumLibrary">
<doc>Selects options from selection list ``locator`` by ``labels``.</doc>
<arguments>
<arg>airline</arg>
<arg>${Airline}</arg>
</arguments>
<msg timestamp="20210318 08:17:34.083" level="INFO">Selecting options from selection list 'airline' by label Unified Airlines.</msg>
<status status="PASS" starttime="20210318 08:17:34.083" endtime="20210318 08:17:34.190"></status>
</kw>
<status status="PASS" starttime="20210318 08:17:34.082" endtime="20210318 08:17:34.190"></status>
</kw>
<kw name="clickContinue" library="Demo_Login">
<kw name="Click Element" library="SeleniumLibrary">
<doc>Click element identified by ``locator``.</doc>
<arguments>
<arg>xpath://input[@name='findFlights']</arg>
</arguments>
<msg timestamp="20210318 08:17:34.192" level="INFO">Clicking element 'xpath://input[@name='findFlights']'.</msg>
<status status="PASS" starttime="20210318 08:17:34.191" endtime="20210318 08:17:35.420"></status>
</kw>
<status status="PASS" starttime="20210318 08:17:34.191" endtime="20210318 08:17:35.420"></status>
</kw>
<status status="PASS" starttime="20210318 08:17:02.558" endtime="20210318 08:17:35.421"></status>
</kw>
<kw name="Run Keyword If Test Failed" library="BuiltIn" type="teardown">
<doc>Runs the given keyword with the given arguments, if the test failed.</doc>
<arguments>
<arg>Log</arg>
<arg>Screenshot</arg>
</arguments>
<status status="PASS" starttime="20210318 08:17:35.421" endtime="20210318 08:17:35.422"></status>
</kw>
<status status="PASS" starttime="20210318 08:17:02.556" endtime="20210318 08:17:35.422" critical="yes"></status>
</test>
<kw name="closingbrowser" library="Demo_Login" type="teardown">
<kw name="Close All Browsers" library="SeleniumLibrary">
<doc>Closes all open browsers and resets the browser cache.</doc>
<status status="PASS" starttime="20210318 08:17:35.425" endtime="20210318 08:17:37.577"></status>
</kw>
<status status="PASS" starttime="20210318 08:17:35.425" endtime="20210318 08:17:37.578"></status>
</kw>
<status status="PASS" starttime="20210318 08:16:44.591" endtime="20210318 08:17:37.578"></status>
</suite>
<status status="PASS" starttime="20210318 08:16:10.316" endtime="20210318 08:17:37.601"></status>
</suite>
<statistics>
<total>
<stat pass="3" fail="0">Critical Tests</stat>
<stat pass="3" fail="0">All Tests</stat>
</total>
<tag>
</tag>
<suite>
<stat pass="3" fail="0" id="s1" name="TC Demo Registration &amp; TC Demo login">TC Demo Registration &amp; TC Demo login</stat>
<stat pass="2" fail="0" id="s1-s1" name="TC Demo Registration">TC Demo Registration &amp; TC Demo login.TC Demo Registration</stat>
<stat pass="1" fail="0" id="s1-s2" name="TC Demo login">TC Demo Registration &amp; TC Demo login.TC Demo login</stat>
</suite>
</statistics>
<errors>
<msg timestamp="20210318 08:16:25.545" level="WARN">Multiple test cases with name 'Run' executed in test suite 'TC Demo Registration &amp; TC Demo login.TC Demo Registration'.</msg>
</errors>
</robot>
