<?xml version="1.0" encoding="UTF-8"?>
<robot generator="Robot 3.2.2 (Python 3.8.8 on win32)" generated="20210317 12:42:41.809" rpa="false">
<suite id="s1" name="Suites">
<suite id="s1-s1" name="TC Demo Registration" source="C:\Users\anand\PycharmProjects\seleniumProject\Testcases\TC_Demo_Registration.robot">
<kw name="openmyBrowser" library="Demo_Registration" type="setup">
<kw name="Open Browser" library="SeleniumLibrary">
<doc>Opens a new browser instance to the given ``url``.</doc>
<arguments>
<arg>${loginurl}</arg>
<arg>${browser}</arg>
</arguments>
<msg timestamp="20210317 12:42:43.163" level="INFO">Opening browser 'chrome' to base url 'http://demo.guru99.com/test/newtours/'.</msg>
<status status="PASS" starttime="20210317 12:42:43.162" endtime="20210317 12:42:52.796"></status>
</kw>
<kw name="Sleep" library="BuiltIn">
<doc>Pauses the test executed for the given time.</doc>
<arguments>
<arg>5</arg>
</arguments>
<msg timestamp="20210317 12:42:57.797" level="INFO">Slept 5 seconds</msg>
<status status="PASS" starttime="20210317 12:42:52.796" endtime="20210317 12:42:57.797"></status>
</kw>
<kw name="Maximize Browser Window" library="SeleniumLibrary">
<doc>Maximizes current browser window.</doc>
<status status="PASS" starttime="20210317 12:42:57.798" endtime="20210317 12:42:57.962"></status>
</kw>
<kw name="Sleep" library="BuiltIn">
<doc>Pauses the test executed for the given time.</doc>
<arguments>
<arg>5</arg>
</arguments>
<msg timestamp="20210317 12:43:02.964" level="INFO">Slept 5 seconds</msg>
<status status="PASS" starttime="20210317 12:42:57.962" endtime="20210317 12:43:02.964"></status>
</kw>
<status status="PASS" starttime="20210317 12:42:43.162" endtime="20210317 12:43:02.964"></status>
</kw>
<test id="s1-s1-t1" name="Registeringdemowebsite">
<kw name="ToRegister">
<arguments>
<arg>admin</arg>
<arg>admin</arg>
<arg>admin</arg>
<arg>ARGENTINA</arg>
</arguments>
<kw name="openmyBrowser" library="Demo_Registration">
<kw name="Open Browser" library="SeleniumLibrary">
<doc>Opens a new browser instance to the given ``url``.</doc>
<arguments>
<arg>${loginurl}</arg>
<arg>${browser}</arg>
</arguments>
<msg timestamp="20210317 12:43:02.967" level="INFO">Opening browser 'chrome' to base url 'http://demo.guru99.com/test/newtours/'.</msg>
<status status="PASS" starttime="20210317 12:43:02.967" endtime="20210317 12:43:10.870"></status>
</kw>
<kw name="Sleep" library="BuiltIn">
<doc>Pauses the test executed for the given time.</doc>
<arguments>
<arg>5</arg>
</arguments>
<msg timestamp="20210317 12:43:15.871" level="INFO">Slept 5 seconds</msg>
<status status="PASS" starttime="20210317 12:43:10.871" endtime="20210317 12:43:15.871"></status>
</kw>
<kw name="Maximize Browser Window" library="SeleniumLibrary">
<doc>Maximizes current browser window.</doc>
<status status="PASS" starttime="20210317 12:43:15.872" endtime="20210317 12:43:16.034"></status>
</kw>
<kw name="Sleep" library="BuiltIn">
<doc>Pauses the test executed for the given time.</doc>
<arguments>
<arg>5</arg>
</arguments>
<msg timestamp="20210317 12:43:21.036" level="INFO">Slept 5 seconds</msg>
<status status="PASS" starttime="20210317 12:43:16.035" endtime="20210317 12:43:21.036"></status>
</kw>
<status status="PASS" starttime="20210317 12:43:02.966" endtime="20210317 12:43:21.036"></status>
</kw>
<kw name="click_Register_Link" library="Demo_Registration">
<kw name="Click Link" library="SeleniumLibrary">
<doc>Clicks a link identified by ``locator``.</doc>
<arguments>
<arg>xpath://a[text()='REGISTER']</arg>
</arguments>
<msg timestamp="20210317 12:43:21.037" level="INFO">Clicking link 'xpath://a[text()='REGISTER']'.</msg>
<status status="PASS" starttime="20210317 12:43:21.037" endtime="20210317 12:43:22.304"></status>
</kw>
<kw name="Title Should Be" library="SeleniumLibrary">
<doc>Verifies that current page title equals ``title``.</doc>
<arguments>
<arg>Register: Mercury Tours</arg>
</arguments>
<msg timestamp="20210317 12:43:22.317" level="INFO">Page title is 'Register: Mercury Tours'.</msg>
<status status="PASS" starttime="20210317 12:43:22.304" endtime="20210317 12:43:22.317"></status>
</kw>
<status status="PASS" starttime="20210317 12:43:21.036" endtime="20210317 12:43:22.317"></status>
</kw>
<kw name="Input Username" library="Demo_Registration">
<arguments>
<arg>${Username}</arg>
</arguments>
<kw name="Set Variable" library="BuiltIn">
<doc>Returns the given values which can then be assigned to a variables.</doc>
<arguments>
<arg>xpath://input[@id='email']</arg>
</arguments>
<assign>
<var>${"email_txt"}</var>
</assign>
<msg timestamp="20210317 12:43:22.319" level="INFO">${"email_txt"} = xpath://input[@id='email']</msg>
<status status="PASS" starttime="20210317 12:43:22.318" endtime="20210317 12:43:22.319"></status>
</kw>
<kw name="Element Should Be Visible" library="SeleniumLibrary">
<doc>Verifies that the element identified by ``locator`` is visible.</doc>
<arguments>
<arg>${"email_txt"}</arg>
</arguments>
<msg timestamp="20210317 12:43:22.362" level="INFO">Element 'xpath://input[@id='email']' is displayed.</msg>
<status status="PASS" starttime="20210317 12:43:22.319" endtime="20210317 12:43:22.362"></status>
</kw>
<kw name="Element Should Be Enabled" library="SeleniumLibrary">
<doc>Verifies that element identified with ``locator`` is enabled.</doc>
<arguments>
<arg>${"email_txt"}</arg>
</arguments>
<status status="PASS" starttime="20210317 12:43:22.362" endtime="20210317 12:43:22.396"></status>
</kw>
<kw name="Input Text" library="SeleniumLibrary">
<doc>Types the given ``text`` into text field identified by ``locator``.</doc>
<arguments>
<arg>${"email_txt"}</arg>
<arg>${Username}</arg>
</arguments>
<msg timestamp="20210317 12:43:22.396" level="INFO">Typing text 'admin' into text field 'xpath://input[@id='email']'.</msg>
<status status="PASS" starttime="20210317 12:43:22.396" endtime="20210317 12:43:22.558"></status>
</kw>
<status status="PASS" starttime="20210317 12:43:22.318" endtime="20210317 12:43:22.559"></status>
</kw>
<kw name="Input Password1" library="Demo_Registration">
<arguments>
<arg>${Password}</arg>
</arguments>
<kw name="Set Variable" library="BuiltIn">
<doc>Returns the given values which can then be assigned to a variables.</doc>
<arguments>
<arg>xpath://input[@name='password']</arg>
</arguments>
<assign>
<var>${"email_txt1"}</var>
</assign>
<msg timestamp="20210317 12:43:22.561" level="INFO">${"email_txt1"} = xpath://input[@name='password']</msg>
<status status="PASS" starttime="20210317 12:43:22.560" endtime="20210317 12:43:22.561"></status>
</kw>
<kw name="Element Should Be Visible" library="SeleniumLibrary">
<doc>Verifies that the element identified by ``locator`` is visible.</doc>
<arguments>
<arg>${"email_txt1"}</arg>
</arguments>
<msg timestamp="20210317 12:43:22.617" level="INFO">Element 'xpath://input[@name='password']' is displayed.</msg>
<status status="PASS" starttime="20210317 12:43:22.562" endtime="20210317 12:43:22.618"></status>
</kw>
<kw name="Element Should Be Enabled" library="SeleniumLibrary">
<doc>Verifies that element identified with ``locator`` is enabled.</doc>
<arguments>
<arg>${"email_txt1"}</arg>
</arguments>
<status status="PASS" starttime="20210317 12:43:22.618" endtime="20210317 12:43:22.652"></status>
</kw>
<kw name="Input Text" library="SeleniumLibrary">
<doc>Types the given ``text`` into text field identified by ``locator``.</doc>
<arguments>
<arg>${"email_txt1"}</arg>
<arg>${Password}</arg>
</arguments>
<msg timestamp="20210317 12:43:22.653" level="INFO">Typing text 'admin' into text field 'xpath://input[@name='password']'.</msg>
<status status="PASS" starttime="20210317 12:43:22.653" endtime="20210317 12:43:22.774"></status>
</kw>
<status status="PASS" starttime="20210317 12:43:22.559" endtime="20210317 12:43:22.774"></status>
</kw>
<kw name="Input Password2" library="Demo_Registration">
<arguments>
<arg>${ConfirmPassword}</arg>
</arguments>
<kw name="Set Variable" library="BuiltIn">
<doc>Returns the given values which can then be assigned to a variables.</doc>
<arguments>
<arg>xpath://input[@name='confirmPassword']</arg>
</arguments>
<assign>
<var>${"email_txt2"}</var>
</assign>
<msg timestamp="20210317 12:43:22.776" level="INFO">${"email_txt2"} = xpath://input[@name='confirmPassword']</msg>
<status status="PASS" starttime="20210317 12:43:22.775" endtime="20210317 12:43:22.776"></status>
</kw>
<kw name="Element Should Be Visible" library="SeleniumLibrary">
<doc>Verifies that the element identified by ``locator`` is visible.</doc>
<arguments>
<arg>${"email_txt2"}</arg>
</arguments>
<msg timestamp="20210317 12:43:22.807" level="INFO">Element 'xpath://input[@name='confirmPassword']' is displayed.</msg>
<status status="PASS" starttime="20210317 12:43:22.776" endtime="20210317 12:43:22.807"></status>
</kw>
<kw name="Element Should Be Enabled" library="SeleniumLibrary">
<doc>Verifies that element identified with ``locator`` is enabled.</doc>
<arguments>
<arg>${"email_txt2"}</arg>
</arguments>
<status status="PASS" starttime="20210317 12:43:22.808" endtime="20210317 12:43:22.835"></status>
</kw>
<kw name="Input Text" library="SeleniumLibrary">
<doc>Types the given ``text`` into text field identified by ``locator``.</doc>
<arguments>
<arg>${"email_txt2"}</arg>
<arg>${ConfirmPassword}</arg>
</arguments>
<msg timestamp="20210317 12:43:22.835" level="INFO">Typing text 'admin' into text field 'xpath://input[@name='confirmPassword']'.</msg>
<status status="PASS" starttime="20210317 12:43:22.835" endtime="20210317 12:43:22.958"></status>
</kw>
<status status="PASS" starttime="20210317 12:43:22.774" endtime="20210317 12:43:22.958"></status>
</kw>
<kw name="choose_value_from_dropdown" library="Demo_Registration">
<arguments>
<arg>${Country}</arg>
</arguments>
<kw name="Select From List By Value" library="SeleniumLibrary">
<doc>Selects options from selection list ``locator`` by ``values``.</doc>
<arguments>
<arg>country</arg>
<arg>${Country}</arg>
</arguments>
<msg timestamp="20210317 12:43:22.959" level="INFO">Selecting options from selection list 'country' by value ARGENTINA.</msg>
<status status="PASS" starttime="20210317 12:43:22.959" endtime="20210317 12:43:23.062"></status>
</kw>
<status status="PASS" starttime="20210317 12:43:22.958" endtime="20210317 12:43:23.063"></status>
</kw>
<kw name="clicksubmit" library="Demo_Registration">
<msg timestamp="20210317 12:43:23.063" level="FAIL">User keyword 'clicksubmit' contains no keywords.</msg>
<status status="FAIL" starttime="20210317 12:43:23.063" endtime="20210317 12:43:23.063"></status>
</kw>
<status status="FAIL" starttime="20210317 12:43:02.965" endtime="20210317 12:43:23.064"></status>
</kw>
<kw name="Run Keyword If Test Failed" library="BuiltIn" type="teardown">
<doc>Runs the given keyword with the given arguments, if the test failed.</doc>
<arguments>
<arg>Log</arg>
<arg>Screenshot</arg>
</arguments>
<kw name="Log" library="BuiltIn">
<doc>Logs the given message with the given level.</doc>
<arguments>
<arg>Screenshot</arg>
</arguments>
<msg timestamp="20210317 12:43:23.065" level="INFO">Screenshot</msg>
<status status="PASS" starttime="20210317 12:43:23.064" endtime="20210317 12:43:23.065"></status>
</kw>
<status status="PASS" starttime="20210317 12:43:23.064" endtime="20210317 12:43:23.065"></status>
</kw>
<status status="FAIL" starttime="20210317 12:43:02.964" endtime="20210317 12:43:23.065" critical="yes">User keyword 'clicksubmit' contains no keywords.</status>
</test>
<kw name="closingbrowser" library="Demo_Registration" type="teardown">
<kw name="Close All Browsers" library="SeleniumLibrary">
<doc>Closes all open browsers and resets the browser cache.</doc>
<status status="PASS" starttime="20210317 12:43:23.067" endtime="20210317 12:43:27.389"></status>
</kw>
<status status="PASS" starttime="20210317 12:43:23.066" endtime="20210317 12:43:27.390"></status>
</kw>
<status status="FAIL" starttime="20210317 12:42:41.866" endtime="20210317 12:43:27.390"></status>
</suite>
<status status="FAIL" starttime="20210317 12:42:41.813" endtime="20210317 12:43:27.398"></status>
</suite>
<statistics>
<total>
<stat pass="0" fail="1">Critical Tests</stat>
<stat pass="0" fail="1">All Tests</stat>
</total>
<tag>
</tag>
<suite>
<stat pass="0" fail="1" id="s1" name="Suites">Suites</stat>
<stat pass="0" fail="1" id="s1-s1" name="TC Demo Registration">Suites.TC Demo Registration</stat>
</suite>
</statistics>
<errors>
</errors>
</robot>
