<?xml version="1.0" encoding="UTF-8"?>
<robot generator="Robot 3.2.2 (Python 3.8.8 on win32)" generated="20210318 08:11:58.974" rpa="false">
<suite id="s1" name="Suites">
<suite id="s1-s1" name="TC DD1" source="C:\Users\anand\PycharmProjects\seleniumProject\Testcases\TC_DD1.robot">
<kw name="openmyBrowser" library="login_resources" type="setup">
<kw name="Open Browser" library="SeleniumLibrary">
<doc>Opens a new browser instance to the given ``url``.</doc>
<arguments>
<arg>${loginurl}</arg>
<arg>${browser}</arg>
</arguments>
<msg timestamp="20210318 08:11:59.451" level="INFO">Opening browser 'chrome' to base url 'https://admin-demo.nopcommerce.com/'.</msg>
<status status="PASS" starttime="20210318 08:11:59.450" endtime="20210318 08:12:07.235"></status>
</kw>
<kw name="Maximize Browser Window" library="SeleniumLibrary">
<doc>Maximizes current browser window.</doc>
<status status="PASS" starttime="20210318 08:12:07.236" endtime="20210318 08:12:07.361"></status>
</kw>
<status status="PASS" starttime="20210318 08:11:59.450" endtime="20210318 08:12:07.362"></status>
</kw>
<test id="s1-s1-t1" name="Right user empty password">
<kw name="invalidlogin">
<arguments>
<arg>admin@yourstore.com</arg>
<arg>${EMPTY}</arg>
</arguments>
<kw name="Input username" library="login_resources">
<arguments>
<arg>${username}</arg>
</arguments>
<kw name="Input Text" library="SeleniumLibrary">
<doc>Types the given ``text`` into text field identified by ``locator``.</doc>
<arguments>
<arg>id:Email</arg>
<arg>${username}</arg>
</arguments>
<msg timestamp="20210318 08:12:07.365" level="INFO">Typing text 'admin@yourstore.com' into text field 'id:Email'.</msg>
<status status="PASS" starttime="20210318 08:12:07.364" endtime="20210318 08:12:07.554"></status>
</kw>
<status status="PASS" starttime="20210318 08:12:07.364" endtime="20210318 08:12:07.554"></status>
</kw>
<kw name="Input pwd" library="login_resources">
<arguments>
<arg>${password}</arg>
</arguments>
<kw name="Input Text" library="SeleniumLibrary">
<doc>Types the given ``text`` into text field identified by ``locator``.</doc>
<arguments>
<arg>id:Password</arg>
<arg>${password}</arg>
</arguments>
<msg timestamp="20210318 08:12:07.556" level="INFO">Typing text '' into text field 'id:Password'.</msg>
<status status="PASS" starttime="20210318 08:12:07.556" endtime="20210318 08:12:07.723"></status>
</kw>
<status status="PASS" starttime="20210318 08:12:07.555" endtime="20210318 08:12:07.723"></status>
</kw>
<kw name="clicklogin" library="login_resources">
<kw name="Click Element" library="SeleniumLibrary">
<doc>Click element identified by ``locator``.</doc>
<arguments>
<arg>xpath://button[@class='button-1 login-button']</arg>
</arguments>
<msg timestamp="20210318 08:12:07.726" level="INFO">Clicking element 'xpath://button[@class='button-1 login-button']'.</msg>
<status status="PASS" starttime="20210318 08:12:07.725" endtime="20210318 08:12:09.249"></status>
</kw>
<status status="PASS" starttime="20210318 08:12:07.724" endtime="20210318 08:12:09.250"></status>
</kw>
<kw name="Errormessage" library="login_resources">
<kw name="Page Should Contain" library="SeleniumLibrary">
<doc>Verifies that current page contains ``text``.</doc>
<arguments>
<arg>Login was unsuccessful.</arg>
</arguments>
<msg timestamp="20210318 08:12:09.320" level="INFO">Current page contains text 'Login was unsuccessful.'.</msg>
<status status="PASS" starttime="20210318 08:12:09.258" endtime="20210318 08:12:09.321"></status>
</kw>
<status status="PASS" starttime="20210318 08:12:09.250" endtime="20210318 08:12:09.321"></status>
</kw>
<status status="PASS" starttime="20210318 08:12:07.363" endtime="20210318 08:12:09.321"></status>
</kw>
<status status="PASS" starttime="20210318 08:12:07.362" endtime="20210318 08:12:09.322" critical="yes"></status>
</test>
<test id="s1-s1-t2" name="Right user wrong password">
<kw name="invalidlogin">
<arguments>
<arg>admin@yourstore.com</arg>
<arg>xz</arg>
</arguments>
<kw name="Input username" library="login_resources">
<arguments>
<arg>${username}</arg>
</arguments>
<kw name="Input Text" library="SeleniumLibrary">
<doc>Types the given ``text`` into text field identified by ``locator``.</doc>
<arguments>
<arg>id:Email</arg>
<arg>${username}</arg>
</arguments>
<msg timestamp="20210318 08:12:09.325" level="INFO">Typing text 'admin@yourstore.com' into text field 'id:Email'.</msg>
<status status="PASS" starttime="20210318 08:12:09.325" endtime="20210318 08:12:09.516"></status>
</kw>
<status status="PASS" starttime="20210318 08:12:09.324" endtime="20210318 08:12:09.517"></status>
</kw>
<kw name="Input pwd" library="login_resources">
<arguments>
<arg>${password}</arg>
</arguments>
<kw name="Input Text" library="SeleniumLibrary">
<doc>Types the given ``text`` into text field identified by ``locator``.</doc>
<arguments>
<arg>id:Password</arg>
<arg>${password}</arg>
</arguments>
<msg timestamp="20210318 08:12:09.518" level="INFO">Typing text 'xz' into text field 'id:Password'.</msg>
<status status="PASS" starttime="20210318 08:12:09.517" endtime="20210318 08:12:09.687"></status>
</kw>
<status status="PASS" starttime="20210318 08:12:09.517" endtime="20210318 08:12:09.687"></status>
</kw>
<kw name="clicklogin" library="login_resources">
<kw name="Click Element" library="SeleniumLibrary">
<doc>Click element identified by ``locator``.</doc>
<arguments>
<arg>xpath://button[@class='button-1 login-button']</arg>
</arguments>
<msg timestamp="20210318 08:12:09.688" level="INFO">Clicking element 'xpath://button[@class='button-1 login-button']'.</msg>
<status status="PASS" starttime="20210318 08:12:09.688" endtime="20210318 08:12:11.000"></status>
</kw>
<status status="PASS" starttime="20210318 08:12:09.688" endtime="20210318 08:12:11.001"></status>
</kw>
<kw name="Errormessage" library="login_resources">
<kw name="Page Should Contain" library="SeleniumLibrary">
<doc>Verifies that current page contains ``text``.</doc>
<arguments>
<arg>Login was unsuccessful.</arg>
</arguments>
<msg timestamp="20210318 08:12:11.024" level="INFO">Current page contains text 'Login was unsuccessful.'.</msg>
<status status="PASS" starttime="20210318 08:12:11.002" endtime="20210318 08:12:11.024"></status>
</kw>
<status status="PASS" starttime="20210318 08:12:11.001" endtime="20210318 08:12:11.025"></status>
</kw>
<status status="PASS" starttime="20210318 08:12:09.324" endtime="20210318 08:12:11.025"></status>
</kw>
<status status="PASS" starttime="20210318 08:12:09.323" endtime="20210318 08:12:11.026" critical="yes"></status>
</test>
<test id="s1-s1-t3" name="wrong user right password">
<kw name="invalidlogin">
<arguments>
<arg>admin</arg>
<arg>admin</arg>
</arguments>
<kw name="Input username" library="login_resources">
<arguments>
<arg>${username}</arg>
</arguments>
<kw name="Input Text" library="SeleniumLibrary">
<doc>Types the given ``text`` into text field identified by ``locator``.</doc>
<arguments>
<arg>id:Email</arg>
<arg>${username}</arg>
</arguments>
<msg timestamp="20210318 08:12:11.031" level="INFO">Typing text 'admin' into text field 'id:Email'.</msg>
<status status="PASS" starttime="20210318 08:12:11.031" endtime="20210318 08:12:11.195"></status>
</kw>
<status status="PASS" starttime="20210318 08:12:11.029" endtime="20210318 08:12:11.196"></status>
</kw>
<kw name="Input pwd" library="login_resources">
<arguments>
<arg>${password}</arg>
</arguments>
<kw name="Input Text" library="SeleniumLibrary">
<doc>Types the given ``text`` into text field identified by ``locator``.</doc>
<arguments>
<arg>id:Password</arg>
<arg>${password}</arg>
</arguments>
<msg timestamp="20210318 08:12:11.198" level="INFO">Typing text 'admin' into text field 'id:Password'.</msg>
<status status="PASS" starttime="20210318 08:12:11.197" endtime="20210318 08:12:11.362"></status>
</kw>
<status status="PASS" starttime="20210318 08:12:11.196" endtime="20210318 08:12:11.363"></status>
</kw>
<kw name="clicklogin" library="login_resources">
<kw name="Click Element" library="SeleniumLibrary">
<doc>Click element identified by ``locator``.</doc>
<arguments>
<arg>xpath://button[@class='button-1 login-button']</arg>
</arguments>
<msg timestamp="20210318 08:12:11.364" level="INFO">Clicking element 'xpath://button[@class='button-1 login-button']'.</msg>
<status status="PASS" starttime="20210318 08:12:11.364" endtime="20210318 08:12:11.455"></status>
</kw>
<status status="PASS" starttime="20210318 08:12:11.363" endtime="20210318 08:12:11.455"></status>
</kw>
<kw name="Errormessage" library="login_resources">
<kw name="Page Should Contain" library="SeleniumLibrary">
<doc>Verifies that current page contains ``text``.</doc>
<arguments>
<arg>Login was unsuccessful.</arg>
</arguments>
<msg timestamp="20210318 08:12:11.469" level="INFO">Current page contains text 'Login was unsuccessful.'.</msg>
<status status="PASS" starttime="20210318 08:12:11.456" endtime="20210318 08:12:11.469"></status>
</kw>
<status status="PASS" starttime="20210318 08:12:11.455" endtime="20210318 08:12:11.469"></status>
</kw>
<status status="PASS" starttime="20210318 08:12:11.028" endtime="20210318 08:12:11.470"></status>
</kw>
<status status="PASS" starttime="20210318 08:12:11.027" endtime="20210318 08:12:11.470" critical="yes"></status>
</test>
<test id="s1-s1-t4" name="wrong user empty password">
<kw name="invalidlogin">
<arguments>
<arg>admin</arg>
<arg>${EMPTY}</arg>
</arguments>
<kw name="Input username" library="login_resources">
<arguments>
<arg>${username}</arg>
</arguments>
<kw name="Input Text" library="SeleniumLibrary">
<doc>Types the given ``text`` into text field identified by ``locator``.</doc>
<arguments>
<arg>id:Email</arg>
<arg>${username}</arg>
</arguments>
<msg timestamp="20210318 08:12:11.474" level="INFO">Typing text 'admin' into text field 'id:Email'.</msg>
<status status="PASS" starttime="20210318 08:12:11.474" endtime="20210318 08:12:11.590"></status>
</kw>
<status status="PASS" starttime="20210318 08:12:11.473" endtime="20210318 08:12:11.590"></status>
</kw>
<kw name="Input pwd" library="login_resources">
<arguments>
<arg>${password}</arg>
</arguments>
<kw name="Input Text" library="SeleniumLibrary">
<doc>Types the given ``text`` into text field identified by ``locator``.</doc>
<arguments>
<arg>id:Password</arg>
<arg>${password}</arg>
</arguments>
<msg timestamp="20210318 08:12:11.591" level="INFO">Typing text '' into text field 'id:Password'.</msg>
<status status="PASS" starttime="20210318 08:12:11.591" endtime="20210318 08:12:11.687"></status>
</kw>
<status status="PASS" starttime="20210318 08:12:11.590" endtime="20210318 08:12:11.687"></status>
</kw>
<kw name="clicklogin" library="login_resources">
<kw name="Click Element" library="SeleniumLibrary">
<doc>Click element identified by ``locator``.</doc>
<arguments>
<arg>xpath://button[@class='button-1 login-button']</arg>
</arguments>
<msg timestamp="20210318 08:12:11.688" level="INFO">Clicking element 'xpath://button[@class='button-1 login-button']'.</msg>
<status status="PASS" starttime="20210318 08:12:11.688" endtime="20210318 08:12:11.751"></status>
</kw>
<status status="PASS" starttime="20210318 08:12:11.687" endtime="20210318 08:12:11.751"></status>
</kw>
<kw name="Errormessage" library="login_resources">
<kw name="Page Should Contain" library="SeleniumLibrary">
<doc>Verifies that current page contains ``text``.</doc>
<arguments>
<arg>Login was unsuccessful.</arg>
</arguments>
<msg timestamp="20210318 08:12:11.777" level="INFO">Current page contains text 'Login was unsuccessful.'.</msg>
<status status="PASS" starttime="20210318 08:12:11.752" endtime="20210318 08:12:11.777"></status>
</kw>
<status status="PASS" starttime="20210318 08:12:11.752" endtime="20210318 08:12:11.777"></status>
</kw>
<status status="PASS" starttime="20210318 08:12:11.472" endtime="20210318 08:12:11.778"></status>
</kw>
<status status="PASS" starttime="20210318 08:12:11.470" endtime="20210318 08:12:11.778" critical="yes"></status>
</test>
<test id="s1-s1-t5" name="wrong user wrong password">
<kw name="invalidlogin">
<arguments>
<arg>admin</arg>
<arg>admin</arg>
</arguments>
<kw name="Input username" library="login_resources">
<arguments>
<arg>${username}</arg>
</arguments>
<kw name="Input Text" library="SeleniumLibrary">
<doc>Types the given ``text`` into text field identified by ``locator``.</doc>
<arguments>
<arg>id:Email</arg>
<arg>${username}</arg>
</arguments>
<msg timestamp="20210318 08:12:11.782" level="INFO">Typing text 'admin' into text field 'id:Email'.</msg>
<status status="PASS" starttime="20210318 08:12:11.782" endtime="20210318 08:12:11.916"></status>
</kw>
<status status="PASS" starttime="20210318 08:12:11.781" endtime="20210318 08:12:11.916"></status>
</kw>
<kw name="Input pwd" library="login_resources">
<arguments>
<arg>${password}</arg>
</arguments>
<kw name="Input Text" library="SeleniumLibrary">
<doc>Types the given ``text`` into text field identified by ``locator``.</doc>
<arguments>
<arg>id:Password</arg>
<arg>${password}</arg>
</arguments>
<msg timestamp="20210318 08:12:11.917" level="INFO">Typing text 'admin' into text field 'id:Password'.</msg>
<status status="PASS" starttime="20210318 08:12:11.917" endtime="20210318 08:12:12.021"></status>
</kw>
<status status="PASS" starttime="20210318 08:12:11.916" endtime="20210318 08:12:12.021"></status>
</kw>
<kw name="clicklogin" library="login_resources">
<kw name="Click Element" library="SeleniumLibrary">
<doc>Click element identified by ``locator``.</doc>
<arguments>
<arg>xpath://button[@class='button-1 login-button']</arg>
</arguments>
<msg timestamp="20210318 08:12:12.023" level="INFO">Clicking element 'xpath://button[@class='button-1 login-button']'.</msg>
<status status="PASS" starttime="20210318 08:12:12.022" endtime="20210318 08:12:12.082"></status>
</kw>
<status status="PASS" starttime="20210318 08:12:12.021" endtime="20210318 08:12:12.082"></status>
</kw>
<kw name="Errormessage" library="login_resources">
<kw name="Page Should Contain" library="SeleniumLibrary">
<doc>Verifies that current page contains ``text``.</doc>
<arguments>
<arg>Login was unsuccessful.</arg>
</arguments>
<msg timestamp="20210318 08:12:12.099" level="INFO">Current page contains text 'Login was unsuccessful.'.</msg>
<status status="PASS" starttime="20210318 08:12:12.083" endtime="20210318 08:12:12.099"></status>
</kw>
<status status="PASS" starttime="20210318 08:12:12.082" endtime="20210318 08:12:12.100"></status>
</kw>
<status status="PASS" starttime="20210318 08:12:11.780" endtime="20210318 08:12:12.100"></status>
</kw>
<status status="PASS" starttime="20210318 08:12:11.779" endtime="20210318 08:12:12.100" critical="yes"></status>
</test>
<kw name="closingbrowser" library="login_resources" type="teardown">
<kw name="Close All Browsers" library="SeleniumLibrary">
<doc>Closes all open browsers and resets the browser cache.</doc>
<status status="PASS" starttime="20210318 08:12:12.103" endtime="20210318 08:12:15.358"></status>
</kw>
<status status="PASS" starttime="20210318 08:12:12.102" endtime="20210318 08:12:15.358"></status>
</kw>
<status status="PASS" starttime="20210318 08:11:59.026" endtime="20210318 08:12:15.358"></status>
</suite>
<status status="PASS" starttime="20210318 08:11:58.978" endtime="20210318 08:12:15.363"></status>
</suite>
<statistics>
<total>
<stat pass="5" fail="0">Critical Tests</stat>
<stat pass="5" fail="0">All Tests</stat>
</total>
<tag>
</tag>
<suite>
<stat pass="5" fail="0" id="s1" name="Suites">Suites</stat>
<stat pass="5" fail="0" id="s1-s1" name="TC DD1">Suites.TC DD1</stat>
</suite>
</statistics>
<errors>
</errors>
</robot>
